{"/home/travis/build/npmtest/node-npmtest-promised-mongo/test.js":{"path":"/home/travis/build/npmtest/node-npmtest-promised-mongo/test.js","s":{"1":2,"2":2,"3":2,"4":2,"5":2,"6":2,"7":2,"8":1,"9":2,"10":2,"11":1,"12":1,"13":1,"14":1,"15":2,"16":2,"17":2,"18":2,"19":1,"20":1,"21":2,"22":2,"23":2,"24":1,"25":1,"26":1,"27":1,"28":1,"29":1,"30":1,"31":1,"32":1,"33":1,"34":1,"35":1,"36":1,"37":1,"38":1,"39":2,"40":2,"41":1,"42":2,"43":2,"44":1,"45":2,"46":2,"47":1,"48":2,"49":2,"50":1,"51":1,"52":1,"53":1,"54":1},"b":{"1":[2,1,1,1],"2":[1,1,1,1],"3":[1,1],"4":[1,1],"5":[1,1],"6":[1,1],"7":[1,1],"8":[1,1],"9":[1,1],"10":[1,1,1],"11":[1,1],"12":[1,1],"13":[1,1],"14":[1,1],"15":[1,1],"16":[1,1],"17":[1,1]},"f":{"1":2,"2":2,"3":2,"4":2,"5":2,"6":1,"7":1,"8":1,"9":2,"10":2,"11":2,"12":2,"13":1},"fnMap":{"1":{"name":"(anonymous_1)","line":12,"loc":{"start":{"line":12,"column":1},"end":{"line":12,"column":13}}},"2":{"name":"(anonymous_2)","line":19,"loc":{"start":{"line":19,"column":5},"end":{"line":19,"column":17}}},"3":{"name":"(anonymous_3)","line":23,"loc":{"start":{"line":23,"column":24},"end":{"line":23,"column":36}}},"4":{"name":"(anonymous_4)","line":61,"loc":{"start":{"line":61,"column":5},"end":{"line":61,"column":17}}},"5":{"name":"(anonymous_5)","line":82,"loc":{"start":{"line":82,"column":5},"end":{"line":82,"column":17}}},"6":{"name":"(anonymous_6)","line":91,"loc":{"start":{"line":91,"column":77},"end":{"line":94,"column":10}}},"7":{"name":"(anonymous_7)","line":112,"loc":{"start":{"line":112,"column":83},"end":{"line":115,"column":10}},"skip":true},"8":{"name":"(anonymous_8)","line":123,"loc":{"start":{"line":123,"column":77},"end":{"line":126,"column":10}},"skip":true},"9":{"name":"(anonymous_9)","line":139,"loc":{"start":{"line":139,"column":12},"end":{"line":139,"column":40}},"skip":true},"10":{"name":"(anonymous_10)","line":147,"loc":{"start":{"line":147,"column":77},"end":{"line":150,"column":10}},"skip":true},"11":{"name":"(anonymous_11)","line":158,"loc":{"start":{"line":158,"column":83},"end":{"line":161,"column":10}},"skip":true},"12":{"name":"(anonymous_12)","line":169,"loc":{"start":{"line":169,"column":79},"end":{"line":172,"column":10}},"skip":true},"13":{"name":"(anonymous_13)","line":180,"loc":{"start":{"line":180,"column":75},"end":{"line":183,"column":10}},"skip":true}},"statementMap":{"1":{"start":{"line":12,"column":0},"end":{"line":195,"column":5}},"2":{"start":{"line":14,"column":4},"end":{"line":14,"column":14}},"3":{"start":{"line":19,"column":4},"end":{"line":56,"column":9}},"4":{"start":{"line":21,"column":8},"end":{"line":21,"column":19}},"5":{"start":{"line":23,"column":8},"end":{"line":35,"column":13}},"6":{"start":{"line":24,"column":12},"end":{"line":34,"column":13}},"7":{"start":{"line":25,"column":16},"end":{"line":28,"column":30}},"8":{"start":{"line":30,"column":16},"end":{"line":33,"column":27}},"9":{"start":{"line":37,"column":8},"end":{"line":39,"column":21}},"10":{"start":{"line":40,"column":8},"end":{"line":53,"column":9}},"11":{"start":{"line":43,"column":12},"end":{"line":46,"column":14}},"12":{"start":{"line":47,"column":12},"end":{"line":47,"column":18}},"13":{"start":{"line":50,"column":12},"end":{"line":51,"column":46}},"14":{"start":{"line":52,"column":12},"end":{"line":52,"column":18}},"15":{"start":{"line":55,"column":8},"end":{"line":55,"column":35}},"16":{"start":{"line":61,"column":4},"end":{"line":63,"column":9}},"17":{"start":{"line":62,"column":8},"end":{"line":62,"column":15}},"18":{"start":{"line":64,"column":4},"end":{"line":77,"column":5}},"19":{"start":{"line":70,"column":8},"end":{"line":70,"column":14}},"20":{"start":{"line":76,"column":8},"end":{"line":76,"column":14}},"21":{"start":{"line":82,"column":4},"end":{"line":84,"column":9}},"22":{"start":{"line":83,"column":8},"end":{"line":83,"column":15}},"23":{"start":{"line":85,"column":4},"end":{"line":194,"column":5}},"24":{"start":{"line":91,"column":8},"end":{"line":99,"column":10}},"25":{"start":{"line":98,"column":12},"end":{"line":98,"column":35}},"26":{"start":{"line":102,"column":8},"end":{"line":104,"column":63}},"27":{"start":{"line":105,"column":8},"end":{"line":105,"column":14}},"28":{"start":{"line":112,"column":8},"end":{"line":121,"column":10},"skip":true},"29":{"start":{"line":119,"column":12},"end":{"line":119,"column":55},"skip":true},"30":{"start":{"line":120,"column":12},"end":{"line":120,"column":48},"skip":true},"31":{"start":{"line":123,"column":8},"end":{"line":136,"column":10},"skip":true},"32":{"start":{"line":130,"column":12},"end":{"line":130,"column":76},"skip":true},"33":{"start":{"line":131,"column":12},"end":{"line":131,"column":73},"skip":true},"34":{"start":{"line":132,"column":12},"end":{"line":132,"column":74},"skip":true},"35":{"start":{"line":133,"column":12},"end":{"line":133,"column":79},"skip":true},"36":{"start":{"line":134,"column":12},"end":{"line":134,"column":25},"skip":true},"37":{"start":{"line":135,"column":12},"end":{"line":135,"column":45},"skip":true},"38":{"start":{"line":138,"column":8},"end":{"line":145,"column":14},"skip":true},"39":{"start":{"line":143,"column":16},"end":{"line":143,"column":29},"skip":true},"40":{"start":{"line":144,"column":16},"end":{"line":144,"column":55},"skip":true},"41":{"start":{"line":147,"column":8},"end":{"line":156,"column":10},"skip":true},"42":{"start":{"line":154,"column":12},"end":{"line":154,"column":25},"skip":true},"43":{"start":{"line":155,"column":12},"end":{"line":155,"column":45},"skip":true},"44":{"start":{"line":158,"column":8},"end":{"line":167,"column":10},"skip":true},"45":{"start":{"line":165,"column":12},"end":{"line":165,"column":25},"skip":true},"46":{"start":{"line":166,"column":12},"end":{"line":166,"column":48},"skip":true},"47":{"start":{"line":169,"column":8},"end":{"line":178,"column":10},"skip":true},"48":{"start":{"line":176,"column":12},"end":{"line":176,"column":25},"skip":true},"49":{"start":{"line":177,"column":12},"end":{"line":177,"column":46},"skip":true},"50":{"start":{"line":180,"column":8},"end":{"line":189,"column":10},"skip":true},"51":{"start":{"line":187,"column":12},"end":{"line":187,"column":94},"skip":true},"52":{"start":{"line":188,"column":12},"end":{"line":188,"column":48},"skip":true},"53":{"start":{"line":192,"column":8},"end":{"line":192,"column":35},"skip":true},"54":{"start":{"line":193,"column":8},"end":{"line":193,"column":14},"skip":true}},"branchMap":{"1":{"line":25,"type":"binary-expr","locations":[{"start":{"line":25,"column":23},"end":{"line":25,"column":62}},{"start":{"line":26,"column":20},"end":{"line":26,"column":70}},{"start":{"line":27,"column":20},"end":{"line":27,"column":71}},{"start":{"line":28,"column":20},"end":{"line":28,"column":29}}]},"2":{"line":30,"type":"binary-expr","locations":[{"start":{"line":30,"column":23},"end":{"line":30,"column":37}},{"start":{"line":31,"column":20},"end":{"line":31,"column":61}},{"start":{"line":32,"column":20},"end":{"line":32,"column":70}},{"start":{"line":33,"column":20},"end":{"line":33,"column":26}}]},"3":{"line":37,"type":"cond-expr","locations":[{"start":{"line":38,"column":14},"end":{"line":38,"column":20}},{"start":{"line":39,"column":14},"end":{"line":39,"column":20}}]},"4":{"line":40,"type":"switch","locations":[{"start":{"line":42,"column":8},"end":{"line":47,"column":18}},{"start":{"line":49,"column":8},"end":{"line":52,"column":18}}]},"5":{"line":44,"type":"binary-expr","locations":[{"start":{"line":44,"column":16},"end":{"line":44,"column":44}},{"start":{"line":44,"column":48},"end":{"line":44,"column":66}}]},"6":{"line":50,"type":"binary-expr","locations":[{"start":{"line":50,"column":21},"end":{"line":50,"column":49}},{"start":{"line":50,"column":53},"end":{"line":50,"column":72}}]},"7":{"line":64,"type":"switch","locations":[{"start":{"line":69,"column":4},"end":{"line":70,"column":14}},{"start":{"line":75,"column":4},"end":{"line":76,"column":14}}]},"8":{"line":85,"type":"switch","locations":[{"start":{"line":90,"column":4},"end":{"line":105,"column":14}},{"start":{"line":111,"column":4},"end":{"line":193,"column":14},"skip":true}]},"9":{"line":91,"type":"binary-expr","locations":[{"start":{"line":91,"column":42},"end":{"line":91,"column":73}},{"start":{"line":91,"column":77},"end":{"line":99,"column":9}}]},"10":{"line":102,"type":"binary-expr","locations":[{"start":{"line":102,"column":18},"end":{"line":102,"column":32}},{"start":{"line":103,"column":12},"end":{"line":103,"column":53}},{"start":{"line":104,"column":12},"end":{"line":104,"column":61}}]},"11":{"line":112,"type":"binary-expr","locations":[{"start":{"line":112,"column":45},"end":{"line":112,"column":79},"skip":true},{"start":{"line":112,"column":83},"end":{"line":121,"column":9},"skip":true}]},"12":{"line":123,"type":"binary-expr","locations":[{"start":{"line":123,"column":42},"end":{"line":123,"column":73},"skip":true},{"start":{"line":123,"column":77},"end":{"line":136,"column":9},"skip":true}]},"13":{"line":138,"type":"binary-expr","locations":[{"start":{"line":138,"column":48},"end":{"line":138,"column":85},"skip":true},{"start":{"line":139,"column":12},"end":{"line":145,"column":13},"skip":true}]},"14":{"line":147,"type":"binary-expr","locations":[{"start":{"line":147,"column":42},"end":{"line":147,"column":73},"skip":true},{"start":{"line":147,"column":77},"end":{"line":156,"column":9},"skip":true}]},"15":{"line":158,"type":"binary-expr","locations":[{"start":{"line":158,"column":45},"end":{"line":158,"column":79},"skip":true},{"start":{"line":158,"column":83},"end":{"line":167,"column":9},"skip":true}]},"16":{"line":169,"type":"binary-expr","locations":[{"start":{"line":169,"column":43},"end":{"line":169,"column":75},"skip":true},{"start":{"line":169,"column":79},"end":{"line":178,"column":9},"skip":true}]},"17":{"line":180,"type":"binary-expr","locations":[{"start":{"line":180,"column":41},"end":{"line":180,"column":71},"skip":true},{"start":{"line":180,"column":75},"end":{"line":189,"column":9},"skip":true}]}},"code":["/* istanbul instrument in package npmtest_promised_mongo */","/*jslint","    bitwise: true,","    browser: true,","    maxerr: 8,","    maxlen: 96,","    node: true,","    nomen: true,","    regexp: true,","    stupid: true","*/","(function () {","    'use strict';","    var local;","","","","    // run shared js-env code - pre-init","    (function () {","        // init local","        local = {};","        // init modeJs","        local.modeJs = (function () {","            try {","                return typeof navigator.userAgent === 'string' &&","                    typeof document.querySelector('body') === 'object' &&","                    typeof XMLHttpRequest.prototype.open === 'function' &&","                    'browser';","            } catch (errorCaughtBrowser) {","                return module.exports &&","                    typeof process.versions.node === 'string' &&","                    typeof require('http').createServer === 'function' &&","                    'node';","            }","        }());","        // init global","        local.global = local.modeJs === 'browser'","            ? window","            : global;","        switch (local.modeJs) {","        // re-init local from window.local","        case 'browser':","            local = local.global.utility2.objectSetDefault(","                local.global.utility2_rollup || local.global.local,","                local.global.utility2","            );","            break;","        // re-init local from example.js","        case 'node':","            local = (local.global.utility2_rollup || require('utility2'))","                .requireExampleJsFromReadme();","            break;","        }","        // export local","        local.global.local = local;","    }());","","","","    // run shared js-env code - function","    (function () {","        return;","    }());","    switch (local.modeJs) {","","","","    // run browser js-env code - function","    case 'browser':","        break;","","","","    // run node js-env code - function","    case 'node':","        break;","    }","","","","    // run shared js-env code - post-init","    (function () {","        return;","    }());","    switch (local.modeJs) {","","","","    // run browser js-env code - post-init","    case 'browser':","        local.testCase_browser_nullCase = local.testCase_browser_nullCase || function (","            options,","            onError","        ) {","        /*","         * this function will test browsers's null-case handling-behavior-behavior","         */","            onError(null, options);","        };","","        // run tests","        local.nop(local.modeTest &&","            document.querySelector('#testRunButton1') &&","            document.querySelector('#testRunButton1').click());","        break;","","","","    // run node js-env code - post-init","    /* istanbul ignore next */","    case 'node':","        local.testCase_buildApidoc_default = local.testCase_buildApidoc_default || function (","            options,","            onError","        ) {","        /*","         * this function will test buildApidoc's default handling-behavior-behavior","         */","            options = { modulePathList: module.paths };","            local.buildApidoc(options, onError);","        };","","        local.testCase_buildApp_default = local.testCase_buildApp_default || function (","            options,","            onError","        ) {","        /*","         * this function will test buildApp's default handling-behavior-behavior","         */","            local.testCase_buildReadme_default(options, local.onErrorThrow);","            local.testCase_buildLib_default(options, local.onErrorThrow);","            local.testCase_buildTest_default(options, local.onErrorThrow);","            local.testCase_buildCustomOrg_default(options, local.onErrorThrow);","            options = [];","            local.buildApp(options, onError);","        };","","        local.testCase_buildCustomOrg_default = local.testCase_buildCustomOrg_default ||","            function (options, onError) {","            /*","             * this function will test buildCustomOrg's default handling-behavior","             */","                options = {};","                local.buildCustomOrg(options, onError);","            };","","        local.testCase_buildLib_default = local.testCase_buildLib_default || function (","            options,","            onError","        ) {","        /*","         * this function will test buildLib's default handling-behavior","         */","            options = {};","            local.buildLib(options, onError);","        };","","        local.testCase_buildReadme_default = local.testCase_buildReadme_default || function (","            options,","            onError","        ) {","        /*","         * this function will test buildReadme's default handling-behavior-behavior","         */","            options = {};","            local.buildReadme(options, onError);","        };","","        local.testCase_buildTest_default = local.testCase_buildTest_default || function (","            options,","            onError","        ) {","        /*","         * this function will test buildTest's default handling-behavior","         */","            options = {};","            local.buildTest(options, onError);","        };","","        local.testCase_webpage_default = local.testCase_webpage_default || function (","            options,","            onError","        ) {","        /*","         * this function will test webpage's default handling-behavior","         */","            options = { modeCoverageMerge: true, url: local.serverLocalHost + '?modeTest=1' };","            local.browserTest(options, onError);","        };","","        // run test-server","        local.testRunServer(local);","        break;","    }","}());",""],"l":{"12":2,"14":2,"19":2,"21":2,"23":2,"24":2,"25":2,"30":1,"37":2,"40":2,"43":1,"47":1,"50":1,"52":1,"55":2,"61":2,"62":2,"64":2,"70":1,"76":1,"82":2,"83":2,"85":2,"91":1,"98":1,"102":1,"105":1,"112":1,"119":1,"120":1,"123":1,"130":1,"131":1,"132":1,"133":1,"134":1,"135":1,"138":1,"143":2,"144":2,"147":1,"154":2,"155":2,"158":1,"165":2,"166":2,"169":1,"176":2,"177":2,"180":1,"187":1,"188":1,"192":1,"193":1}},"/home/travis/build/npmtest/node-npmtest-promised-mongo/lib.npmtest_promised_mongo.js":{"path":"/home/travis/build/npmtest/node-npmtest-promised-mongo/lib.npmtest_promised_mongo.js","s":{"1":2,"2":2,"3":2,"4":2,"5":2,"6":2,"7":2,"8":1,"9":2,"10":2,"11":2,"12":2,"13":1,"14":1,"15":1,"16":1},"b":{"1":[2,1,1,1],"2":[1,1,1,1],"3":[1,1],"4":[2,2],"5":[1,1]},"f":{"1":2,"2":2,"3":2},"fnMap":{"1":{"name":"(anonymous_1)","line":12,"loc":{"start":{"line":12,"column":1},"end":{"line":12,"column":13}}},"2":{"name":"(anonymous_2)","line":19,"loc":{"start":{"line":19,"column":5},"end":{"line":19,"column":17}}},"3":{"name":"(anonymous_3)","line":23,"loc":{"start":{"line":23,"column":24},"end":{"line":23,"column":36}}}},"statementMap":{"1":{"start":{"line":12,"column":0},"end":{"line":53,"column":5}},"2":{"start":{"line":14,"column":4},"end":{"line":14,"column":14}},"3":{"start":{"line":19,"column":4},"end":{"line":52,"column":9}},"4":{"start":{"line":21,"column":8},"end":{"line":21,"column":19}},"5":{"start":{"line":23,"column":8},"end":{"line":35,"column":13}},"6":{"start":{"line":24,"column":12},"end":{"line":34,"column":13}},"7":{"start":{"line":25,"column":16},"end":{"line":28,"column":30}},"8":{"start":{"line":30,"column":16},"end":{"line":33,"column":27}},"9":{"start":{"line":37,"column":8},"end":{"line":39,"column":21}},"10":{"start":{"line":41,"column":8},"end":{"line":41,"column":54}},"11":{"start":{"line":43,"column":8},"end":{"line":43,"column":59}},"12":{"start":{"line":45,"column":8},"end":{"line":51,"column":9}},"13":{"start":{"line":46,"column":12},"end":{"line":46,"column":65}},"14":{"start":{"line":48,"column":12},"end":{"line":48,"column":35}},"15":{"start":{"line":49,"column":12},"end":{"line":49,"column":49}},"16":{"start":{"line":50,"column":12},"end":{"line":50,"column":43}}},"branchMap":{"1":{"line":25,"type":"binary-expr","locations":[{"start":{"line":25,"column":23},"end":{"line":25,"column":62}},{"start":{"line":26,"column":20},"end":{"line":26,"column":70}},{"start":{"line":27,"column":20},"end":{"line":27,"column":71}},{"start":{"line":28,"column":20},"end":{"line":28,"column":29}}]},"2":{"line":30,"type":"binary-expr","locations":[{"start":{"line":30,"column":23},"end":{"line":30,"column":37}},{"start":{"line":31,"column":20},"end":{"line":31,"column":61}},{"start":{"line":32,"column":20},"end":{"line":32,"column":70}},{"start":{"line":33,"column":20},"end":{"line":33,"column":26}}]},"3":{"line":37,"type":"cond-expr","locations":[{"start":{"line":38,"column":14},"end":{"line":38,"column":20}},{"start":{"line":39,"column":14},"end":{"line":39,"column":20}}]},"4":{"line":41,"type":"binary-expr","locations":[{"start":{"line":41,"column":16},"end":{"line":41,"column":44}},{"start":{"line":41,"column":48},"end":{"line":41,"column":53}}]},"5":{"line":45,"type":"if","locations":[{"start":{"line":45,"column":8},"end":{"line":45,"column":8}},{"start":{"line":45,"column":8},"end":{"line":45,"column":8}}]}},"code":["/* istanbul instrument in package npmtest_promised_mongo */","/*jslint","    bitwise: true,","    browser: true,","    maxerr: 8,","    maxlen: 96,","    node: true,","    nomen: true,","    regexp: true,","    stupid: true","*/","(function () {","    'use strict';","    var local;","","","","    // run shared js-env code - pre-init","    (function () {","        // init local","        local = {};","        // init modeJs","        local.modeJs = (function () {","            try {","                return typeof navigator.userAgent === 'string' &&","                    typeof document.querySelector('body') === 'object' &&","                    typeof XMLHttpRequest.prototype.open === 'function' &&","                    'browser';","            } catch (errorCaughtBrowser) {","                return module.exports &&","                    typeof process.versions.node === 'string' &&","                    typeof require('http').createServer === 'function' &&","                    'node';","            }","        }());","        // init global","        local.global = local.modeJs === 'browser'","            ? window","            : global;","        // init utility2_rollup","        local = local.global.utility2_rollup || local;","        // init lib","        local.local = local.npmtest_promised_mongo = local;","        // init exports","        if (local.modeJs === 'browser') {","            local.global.utility2_npmtest_promised_mongo = local;","        } else {","            module.exports = local;","            module.exports.__dirname = __dirname;","            module.exports.module = module;","        }","    }());","}());",""],"l":{"12":2,"14":2,"19":2,"21":2,"23":2,"24":2,"25":2,"30":1,"37":2,"41":2,"43":2,"45":2,"46":1,"48":1,"49":1,"50":1}},"/home/travis/build/npmtest/node-npmtest-promised-mongo/example.js":{"path":"/home/travis/build/npmtest/node-npmtest-promised-mongo/example.js","s":{"1":2,"2":2,"3":2,"4":2,"5":2,"6":2,"7":2,"8":1,"9":2,"10":2,"11":2,"12":2,"13":1,"14":2,"15":2,"16":2,"17":2,"18":2,"19":0,"20":2,"21":1,"22":1,"23":1,"24":1,"25":1,"26":0,"27":0,"28":1,"29":1,"30":2,"31":0,"32":0,"33":0,"34":1,"35":2,"36":2,"37":3,"38":3,"39":3,"40":3,"41":0,"42":3,"43":3,"44":3,"45":1,"46":3,"47":1,"48":1,"49":1,"50":1,"51":1,"52":1,"53":1,"54":1,"55":1,"56":1,"57":0,"58":1,"59":6,"60":6,"61":1,"62":2,"63":0,"64":2,"65":1,"66":1,"67":0,"68":0,"69":0,"70":0,"71":0,"72":0,"73":0,"74":0,"75":0,"76":0,"77":0,"78":0,"79":0,"80":0,"81":0,"82":0,"83":0},"b":{"1":[2,1,1,1],"2":[1,1,1,1],"3":[1,1],"4":[2,2],"5":[1,1],"6":[1,1],"7":[2,0],"8":[2,1,1,1,1,1],"9":[0,2,0],"10":[1,1],"11":[2,1,1],"12":[1,0],"13":[0,2],"14":[2,0,0,0,0,0,0],"15":[0,3],"16":[3,0],"17":[1,1],"18":[0,1],"19":[1,2,0,2],"20":[1,0],"21":[1,1],"22":[0,0],"23":[0,0],"24":[0,0],"25":[0,0],"26":[0,0],"27":[0,0],"28":[0,0]},"f":{"1":2,"2":2,"3":2,"4":2,"5":2,"6":2,"7":3,"8":3,"9":3,"10":1,"11":6,"12":0},"fnMap":{"1":{"name":"(anonymous_1)","line":26,"loc":{"start":{"line":26,"column":1},"end":{"line":26,"column":13}}},"2":{"name":"(anonymous_2)","line":33,"loc":{"start":{"line":33,"column":5},"end":{"line":33,"column":17}}},"3":{"name":"(anonymous_3)","line":37,"loc":{"start":{"line":37,"column":24},"end":{"line":37,"column":36}}},"4":{"name":"(anonymous_4)","line":69,"loc":{"start":{"line":69,"column":31},"end":{"line":69,"column":48}},"skip":true},"5":{"name":"(anonymous_5)","line":78,"loc":{"start":{"line":78,"column":26},"end":{"line":78,"column":45}},"skip":true},"6":{"name":"(anonymous_6)","line":123,"loc":{"start":{"line":123,"column":33},"end":{"line":123,"column":48}},"skip":true},"7":{"name":"(anonymous_7)","line":125,"loc":{"start":{"line":125,"column":27},"end":{"line":125,"column":39}},"skip":true},"8":{"name":"(anonymous_8)","line":133,"loc":{"start":{"line":133,"column":59},"end":{"line":133,"column":74}},"skip":true},"9":{"name":"(anonymous_9)","line":143,"loc":{"start":{"line":143,"column":45},"end":{"line":143,"column":62}},"skip":true},"10":{"name":"(anonymous_10)","line":144,"loc":{"start":{"line":144,"column":73},"end":{"line":144,"column":92}},"skip":true},"11":{"name":"(anonymous_11)","line":272,"loc":{"start":{"line":272,"column":51},"end":{"line":272,"column":77}},"skip":true},"12":{"name":"(anonymous_12)","line":315,"loc":{"start":{"line":315,"column":32},"end":{"line":315,"column":61}},"skip":true}},"statementMap":{"1":{"start":{"line":26,"column":0},"end":{"line":326,"column":5}},"2":{"start":{"line":28,"column":4},"end":{"line":28,"column":14}},"3":{"start":{"line":33,"column":4},"end":{"line":60,"column":9}},"4":{"start":{"line":35,"column":8},"end":{"line":35,"column":19}},"5":{"start":{"line":37,"column":8},"end":{"line":49,"column":13}},"6":{"start":{"line":38,"column":12},"end":{"line":48,"column":13}},"7":{"start":{"line":39,"column":16},"end":{"line":42,"column":30}},"8":{"start":{"line":44,"column":16},"end":{"line":47,"column":27}},"9":{"start":{"line":51,"column":8},"end":{"line":53,"column":21}},"10":{"start":{"line":55,"column":8},"end":{"line":57,"column":45}},"11":{"start":{"line":59,"column":8},"end":{"line":59,"column":35}},"12":{"start":{"line":61,"column":4},"end":{"line":325,"column":5}},"13":{"start":{"line":69,"column":8},"end":{"line":121,"column":10},"skip":true},"14":{"start":{"line":70,"column":12},"end":{"line":88,"column":13},"skip":true},"15":{"start":{"line":76,"column":16},"end":{"line":87,"column":19},"skip":true},"16":{"start":{"line":79,"column":20},"end":{"line":86,"column":21},"skip":true},"17":{"start":{"line":82,"column":24},"end":{"line":82,"column":43},"skip":true},"18":{"start":{"line":83,"column":24},"end":{"line":83,"column":30},"skip":true},"19":{"start":{"line":85,"column":24},"end":{"line":85,"column":49},"skip":true},"20":{"start":{"line":89,"column":12},"end":{"line":107,"column":13},"skip":true},"21":{"start":{"line":92,"column":16},"end":{"line":102,"column":17},"skip":true},"22":{"start":{"line":93,"column":20},"end":{"line":93,"column":86},"skip":true},"23":{"start":{"line":94,"column":20},"end":{"line":95,"column":45},"skip":true},"24":{"start":{"line":96,"column":20},"end":{"line":96,"column":42},"skip":true},"25":{"start":{"line":97,"column":20},"end":{"line":97,"column":48},"skip":true},"26":{"start":{"line":100,"column":20},"end":{"line":100,"column":85},"skip":true},"27":{"start":{"line":101,"column":20},"end":{"line":101,"column":96},"skip":true},"28":{"start":{"line":103,"column":16},"end":{"line":103,"column":22},"skip":true},"29":{"start":{"line":106,"column":16},"end":{"line":106,"column":22},"skip":true},"30":{"start":{"line":108,"column":12},"end":{"line":120,"column":13},"skip":true},"31":{"start":{"line":114,"column":16},"end":{"line":119,"column":17},"skip":true},"32":{"start":{"line":116,"column":20},"end":{"line":116,"column":78},"skip":true},"33":{"start":{"line":118,"column":20},"end":{"line":118,"column":47},"skip":true},"34":{"start":{"line":123,"column":8},"end":{"line":141,"column":11},"skip":true},"35":{"start":{"line":124,"column":12},"end":{"line":124,"column":54},"skip":true},"36":{"start":{"line":125,"column":12},"end":{"line":140,"column":14},"skip":true},"37":{"start":{"line":126,"column":16},"end":{"line":126,"column":28},"skip":true},"38":{"start":{"line":127,"column":16},"end":{"line":127,"column":69},"skip":true},"39":{"start":{"line":128,"column":16},"end":{"line":128,"column":75},"skip":true},"40":{"start":{"line":129,"column":16},"end":{"line":131,"column":17},"skip":true},"41":{"start":{"line":130,"column":20},"end":{"line":130,"column":27},"skip":true},"42":{"start":{"line":133,"column":16},"end":{"line":137,"column":36},"skip":true},"43":{"start":{"line":134,"column":20},"end":{"line":136,"column":55},"skip":true},"44":{"start":{"line":139,"column":16},"end":{"line":139,"column":57},"skip":true},"45":{"start":{"line":143,"column":8},"end":{"line":147,"column":11},"skip":true},"46":{"start":{"line":144,"column":12},"end":{"line":146,"column":15},"skip":true},"47":{"start":{"line":145,"column":16},"end":{"line":145,"column":70},"skip":true},"48":{"start":{"line":149,"column":8},"end":{"line":149,"column":31},"skip":true},"49":{"start":{"line":150,"column":8},"end":{"line":150,"column":14},"skip":true},"50":{"start":{"line":158,"column":8},"end":{"line":158,"column":31},"skip":true},"51":{"start":{"line":160,"column":8},"end":{"line":160,"column":33},"skip":true},"52":{"start":{"line":161,"column":8},"end":{"line":161,"column":37},"skip":true},"53":{"start":{"line":162,"column":8},"end":{"line":162,"column":35},"skip":true},"54":{"start":{"line":164,"column":8},"end":{"line":164,"column":50},"skip":true},"55":{"start":{"line":166,"column":8},"end":{"line":256,"column":2},"skip":true},"56":{"start":{"line":258,"column":8},"end":{"line":286,"column":9},"skip":true},"57":{"start":{"line":259,"column":12},"end":{"line":269,"column":14},"skip":true},"58":{"start":{"line":271,"column":12},"end":{"line":285,"column":19},"skip":true},"59":{"start":{"line":274,"column":20},"end":{"line":274,"column":35},"skip":true},"60":{"start":{"line":275,"column":20},"end":{"line":284,"column":21},"skip":true},"61":{"start":{"line":277,"column":24},"end":{"line":277,"column":64},"skip":true},"62":{"start":{"line":279,"column":24},"end":{"line":279,"column":40},"skip":true},"63":{"start":{"line":281,"column":24},"end":{"line":281,"column":40},"skip":true},"64":{"start":{"line":283,"column":24},"end":{"line":283,"column":39},"skip":true},"65":{"start":{"line":288,"column":8},"end":{"line":290,"column":9},"skip":true},"66":{"start":{"line":289,"column":12},"end":{"line":289,"column":18},"skip":true},"67":{"start":{"line":291,"column":8},"end":{"line":293,"column":54},"skip":true},"68":{"start":{"line":296,"column":8},"end":{"line":301,"column":37},"skip":true},"69":{"start":{"line":303,"column":8},"end":{"line":303,"column":82},"skip":true},"70":{"start":{"line":306,"column":8},"end":{"line":308,"column":9},"skip":true},"71":{"start":{"line":307,"column":12},"end":{"line":307,"column":82},"skip":true},"72":{"start":{"line":310,"column":8},"end":{"line":312,"column":9},"skip":true},"73":{"start":{"line":311,"column":12},"end":{"line":311,"column":18},"skip":true},"74":{"start":{"line":313,"column":8},"end":{"line":313,"column":54},"skip":true},"75":{"start":{"line":314,"column":8},"end":{"line":314,"column":69},"skip":true},"76":{"start":{"line":315,"column":8},"end":{"line":323,"column":36},"skip":true},"77":{"start":{"line":316,"column":12},"end":{"line":316,"column":61},"skip":true},"78":{"start":{"line":317,"column":12},"end":{"line":320,"column":13},"skip":true},"79":{"start":{"line":318,"column":16},"end":{"line":318,"column":75},"skip":true},"80":{"start":{"line":319,"column":16},"end":{"line":319,"column":23},"skip":true},"81":{"start":{"line":321,"column":12},"end":{"line":321,"column":38},"skip":true},"82":{"start":{"line":322,"column":12},"end":{"line":322,"column":27},"skip":true},"83":{"start":{"line":324,"column":8},"end":{"line":324,"column":14},"skip":true}},"branchMap":{"1":{"line":39,"type":"binary-expr","locations":[{"start":{"line":39,"column":23},"end":{"line":39,"column":62}},{"start":{"line":40,"column":20},"end":{"line":40,"column":70}},{"start":{"line":41,"column":20},"end":{"line":41,"column":71}},{"start":{"line":42,"column":20},"end":{"line":42,"column":29}}]},"2":{"line":44,"type":"binary-expr","locations":[{"start":{"line":44,"column":23},"end":{"line":44,"column":37}},{"start":{"line":45,"column":20},"end":{"line":45,"column":61}},{"start":{"line":46,"column":20},"end":{"line":46,"column":70}},{"start":{"line":47,"column":20},"end":{"line":47,"column":26}}]},"3":{"line":51,"type":"cond-expr","locations":[{"start":{"line":52,"column":14},"end":{"line":52,"column":20}},{"start":{"line":53,"column":14},"end":{"line":53,"column":20}}]},"4":{"line":55,"type":"binary-expr","locations":[{"start":{"line":55,"column":16},"end":{"line":55,"column":44}},{"start":{"line":55,"column":49},"end":{"line":57,"column":43}}]},"5":{"line":55,"type":"cond-expr","locations":[{"start":{"line":56,"column":14},"end":{"line":56,"column":58}},{"start":{"line":57,"column":14},"end":{"line":57,"column":43}}]},"6":{"line":61,"type":"switch","locations":[{"start":{"line":68,"column":4},"end":{"line":150,"column":14},"skip":true},{"start":{"line":156,"column":4},"end":{"line":324,"column":14},"skip":true}]},"7":{"line":70,"type":"if","locations":[{"start":{"line":70,"column":12},"end":{"line":70,"column":12},"skip":true},{"start":{"line":70,"column":12},"end":{"line":70,"column":12},"skip":true}]},"8":{"line":70,"type":"binary-expr","locations":[{"start":{"line":70,"column":16},"end":{"line":70,"column":22},"skip":true},{"start":{"line":70,"column":27},"end":{"line":70,"column":32},"skip":true},{"start":{"line":71,"column":20},"end":{"line":71,"column":39},"skip":true},{"start":{"line":72,"column":20},"end":{"line":72,"column":49},"skip":true},{"start":{"line":73,"column":20},"end":{"line":73,"column":58},"skip":true},{"start":{"line":74,"column":20},"end":{"line":74,"column":69},"skip":true}]},"9":{"line":79,"type":"switch","locations":[{"start":{"line":80,"column":20},"end":{"line":80,"column":33},"skip":true},{"start":{"line":81,"column":20},"end":{"line":83,"column":30},"skip":true},{"start":{"line":84,"column":20},"end":{"line":85,"column":49},"skip":true}]},"10":{"line":89,"type":"switch","locations":[{"start":{"line":90,"column":12},"end":{"line":103,"column":22},"skip":true},{"start":{"line":105,"column":12},"end":{"line":106,"column":22},"skip":true}]},"11":{"line":89,"type":"binary-expr","locations":[{"start":{"line":89,"column":20},"end":{"line":89,"column":25},"skip":true},{"start":{"line":89,"column":29},"end":{"line":89,"column":48},"skip":true},{"start":{"line":89,"column":52},"end":{"line":89,"column":74},"skip":true}]},"12":{"line":92,"type":"if","locations":[{"start":{"line":92,"column":16},"end":{"line":92,"column":16},"skip":true},{"start":{"line":92,"column":16},"end":{"line":92,"column":16},"skip":true}]},"13":{"line":108,"type":"if","locations":[{"start":{"line":108,"column":12},"end":{"line":108,"column":12},"skip":true},{"start":{"line":108,"column":12},"end":{"line":108,"column":12},"skip":true}]},"14":{"line":108,"type":"binary-expr","locations":[{"start":{"line":108,"column":16},"end":{"line":108,"column":61},"skip":true},{"start":{"line":108,"column":66},"end":{"line":108,"column":72},"skip":true},{"start":{"line":108,"column":77},"end":{"line":108,"column":82},"skip":true},{"start":{"line":109,"column":20},"end":{"line":109,"column":39},"skip":true},{"start":{"line":110,"column":20},"end":{"line":110,"column":49},"skip":true},{"start":{"line":111,"column":20},"end":{"line":111,"column":58},"skip":true},{"start":{"line":112,"column":20},"end":{"line":112,"column":68},"skip":true}]},"15":{"line":129,"type":"if","locations":[{"start":{"line":129,"column":16},"end":{"line":129,"column":16},"skip":true},{"start":{"line":129,"column":16},"end":{"line":129,"column":16},"skip":true}]},"16":{"line":134,"type":"cond-expr","locations":[{"start":{"line":135,"column":26},"end":{"line":135,"column":29},"skip":true},{"start":{"line":136,"column":26},"end":{"line":136,"column":54},"skip":true}]},"17":{"line":164,"type":"binary-expr","locations":[{"start":{"line":164,"column":27},"end":{"line":164,"column":43},"skip":true},{"start":{"line":164,"column":47},"end":{"line":164,"column":49},"skip":true}]},"18":{"line":258,"type":"if","locations":[{"start":{"line":258,"column":8},"end":{"line":258,"column":8},"skip":true},{"start":{"line":258,"column":8},"end":{"line":258,"column":8},"skip":true}]},"19":{"line":275,"type":"switch","locations":[{"start":{"line":276,"column":20},"end":{"line":277,"column":64},"skip":true},{"start":{"line":278,"column":20},"end":{"line":279,"column":40},"skip":true},{"start":{"line":280,"column":20},"end":{"line":281,"column":40},"skip":true},{"start":{"line":282,"column":20},"end":{"line":283,"column":39},"skip":true}]},"20":{"line":288,"type":"if","locations":[{"start":{"line":288,"column":8},"end":{"line":288,"column":8},"skip":true},{"start":{"line":288,"column":8},"end":{"line":288,"column":8},"skip":true}]},"21":{"line":288,"type":"binary-expr","locations":[{"start":{"line":288,"column":12},"end":{"line":288,"column":40},"skip":true},{"start":{"line":288,"column":44},"end":{"line":288,"column":67},"skip":true}]},"22":{"line":292,"type":"binary-expr","locations":[{"start":{"line":292,"column":12},"end":{"line":292,"column":50},"skip":true},{"start":{"line":293,"column":12},"end":{"line":293,"column":53},"skip":true}]},"23":{"line":297,"type":"binary-expr","locations":[{"start":{"line":297,"column":12},"end":{"line":297,"column":72},"skip":true},{"start":{"line":298,"column":12},"end":{"line":301,"column":36},"skip":true}]},"24":{"line":303,"type":"binary-expr","locations":[{"start":{"line":303,"column":43},"end":{"line":303,"column":75},"skip":true},{"start":{"line":303,"column":79},"end":{"line":303,"column":81},"skip":true}]},"25":{"line":306,"type":"if","locations":[{"start":{"line":306,"column":8},"end":{"line":306,"column":8},"skip":true},{"start":{"line":306,"column":8},"end":{"line":306,"column":8},"skip":true}]},"26":{"line":310,"type":"if","locations":[{"start":{"line":310,"column":8},"end":{"line":310,"column":8},"skip":true},{"start":{"line":310,"column":8},"end":{"line":310,"column":8},"skip":true}]},"27":{"line":313,"type":"binary-expr","locations":[{"start":{"line":313,"column":27},"end":{"line":313,"column":43},"skip":true},{"start":{"line":313,"column":47},"end":{"line":313,"column":53},"skip":true}]},"28":{"line":317,"type":"if","locations":[{"start":{"line":317,"column":12},"end":{"line":317,"column":12},"skip":true},{"start":{"line":317,"column":12},"end":{"line":317,"column":12},"skip":true}]}},"code":["/*","example.js","","quickstart example","","instruction","    1. save this script as example.js","    2. run the shell command:","        $ npm install npmtest-promised-mongo && PORT=8081 node example.js","    3. play with the browser-demo on http://127.0.0.1:8081","*/","","","","/* istanbul instrument in package npmtest_promised_mongo */","/*jslint","    bitwise: true,","    browser: true,","    maxerr: 8,","    maxlen: 96,","    node: true,","    nomen: true,","    regexp: true,","    stupid: true","*/","(function () {","    'use strict';","    var local;","","","","    // run shared js-env code - pre-init","    (function () {","        // init local","        local = {};","        // init modeJs","        local.modeJs = (function () {","            try {","                return typeof navigator.userAgent === 'string' &&","                    typeof document.querySelector('body') === 'object' &&","                    typeof XMLHttpRequest.prototype.open === 'function' &&","                    'browser';","            } catch (errorCaughtBrowser) {","                return module.exports &&","                    typeof process.versions.node === 'string' &&","                    typeof require('http').createServer === 'function' &&","                    'node';","            }","        }());","        // init global","        local.global = local.modeJs === 'browser'","            ? window","            : global;","        // init utility2_rollup","        local = local.global.utility2_rollup || (local.modeJs === 'browser'","            ? local.global.utility2_npmtest_promised_mongo","            : global.utility2_moduleExports);","        // export local","        local.global.local = local;","    }());","    switch (local.modeJs) {","","","","    // post-init","    // run browser js-env code - post-init","    /* istanbul ignore next */","    case 'browser':","        local.testRunBrowser = function (event) {","            if (!event || (event &&","                    event.currentTarget &&","                    event.currentTarget.className &&","                    event.currentTarget.className.includes &&","                    event.currentTarget.className.includes('onreset'))) {","                // reset output","                Array.from(","                    document.querySelectorAll('body > .resettable')","                ).forEach(function (element) {","                    switch (element.tagName) {","                    case 'INPUT':","                    case 'TEXTAREA':","                        element.value = '';","                        break;","                    default:","                        element.textContent = '';","                    }","                });","            }","            switch (event && event.currentTarget && event.currentTarget.id) {","            case 'testRunButton1':","                // show tests","                if (document.querySelector('#testReportDiv1').style.display === 'none') {","                    document.querySelector('#testReportDiv1').style.display = 'block';","                    document.querySelector('#testRunButton1').textContent =","                        'hide internal test';","                    local.modeTest = true;","                    local.testRunDefault(local);","                // hide tests","                } else {","                    document.querySelector('#testReportDiv1').style.display = 'none';","                    document.querySelector('#testRunButton1').textContent = 'run internal test';","                }","                break;","            // custom-case","            default:","                break;","            }","            if (document.querySelector('#inputTextareaEval1') && (!event || (event &&","                    event.currentTarget &&","                    event.currentTarget.className &&","                    event.currentTarget.className.includes &&","                    event.currentTarget.className.includes('oneval')))) {","                // try to eval input-code","                try {","                    /*jslint evil: true*/","                    eval(document.querySelector('#inputTextareaEval1').value);","                } catch (errorCaught) {","                    console.error(errorCaught);","                }","            }","        };","        // log stderr and stdout to #outputTextareaStdout1","        ['error', 'log'].forEach(function (key) {","            console[key + '_original'] = console[key];","            console[key] = function () {","                var element;","                console[key + '_original'].apply(console, arguments);","                element = document.querySelector('#outputTextareaStdout1');","                if (!element) {","                    return;","                }","                // append text to #outputTextareaStdout1","                element.value += Array.from(arguments).map(function (arg) {","                    return typeof arg === 'string'","                        ? arg","                        : JSON.stringify(arg, null, 4);","                }).join(' ') + '\\n';","                // scroll textarea to bottom","                element.scrollTop = element.scrollHeight;","            };","        });","        // init event-handling","        ['change', 'click', 'keyup'].forEach(function (event) {","            Array.from(document.querySelectorAll('.on' + event)).forEach(function (element) {","                element.addEventListener(event, local.testRunBrowser);","            });","        });","        // run tests","        local.testRunBrowser();","        break;","","","","    // run node js-env code - post-init","    /* istanbul ignore next */","    case 'node':","        // export local","        module.exports = local;","        // require modules","        local.fs = require('fs');","        local.http = require('http');","        local.url = require('url');","        // init assets","        local.assetsDict = local.assetsDict || {};","        /* jslint-ignore-begin */","        local.assetsDict['/assets.index.template.html'] = '\\","<!doctype html>\\n\\","<html lang=\"en\">\\n\\","<head>\\n\\","<meta charset=\"UTF-8\">\\n\\","<meta name=\"viewport\" content=\"width=device-width, initial-scale=1\">\\n\\","<title>{{env.npm_package_name}} (v{{env.npm_package_version}})</title>\\n\\","<style>\\n\\","/*csslint\\n\\","    box-sizing: false,\\n\\","    universal-selector: false\\n\\","*/\\n\\","* {\\n\\","    box-sizing: border-box;\\n\\","}\\n\\","body {\\n\\","    background: #dde;\\n\\","    font-family: Arial, Helvetica, sans-serif;\\n\\","    margin: 2rem;\\n\\","}\\n\\","body > * {\\n\\","    margin-bottom: 1rem;\\n\\","}\\n\\",".utility2FooterDiv {\\n\\","    margin-top: 20px;\\n\\","    text-align: center;\\n\\","}\\n\\","</style>\\n\\","<style>\\n\\","/*csslint\\n\\","*/\\n\\","textarea {\\n\\","    font-family: monospace;\\n\\","    height: 10rem;\\n\\","    width: 100%;\\n\\","}\\n\\","textarea[readonly] {\\n\\","    background: #ddd;\\n\\","}\\n\\","</style>\\n\\","</head>\\n\\","<body>\\n\\","<!-- utility2-comment\\n\\","<div id=\"ajaxProgressDiv1\" style=\"background: #d00; height: 2px; left: 0; margin: 0; padding: 0; position: fixed; top: 0; transition: background 0.5s, width 1.5s; width: 25%;\"></div>\\n\\","utility2-comment -->\\n\\","<h1>\\n\\","<!-- utility2-comment\\n\\","    <a\\n\\","        {{#if env.npm_package_homepage}}\\n\\","        href=\"{{env.npm_package_homepage}}\"\\n\\","        {{/if env.npm_package_homepage}}\\n\\","        target=\"_blank\"\\n\\","    >\\n\\","utility2-comment -->\\n\\","        {{env.npm_package_name}} (v{{env.npm_package_version}})\\n\\","<!-- utility2-comment\\n\\","    </a>\\n\\","utility2-comment -->\\n\\","</h1>\\n\\","<h3>{{env.npm_package_description}}</h3>\\n\\","<!-- utility2-comment\\n\\","<h4><a download href=\"assets.app.js\">download standalone app</a></h4>\\n\\","<button class=\"onclick onreset\" id=\"testRunButton1\">run internal test</button><br>\\n\\","<div id=\"testReportDiv1\" style=\"display: none;\"></div>\\n\\","utility2-comment -->\\n\\","\\n\\","\\n\\","\\n\\","<label>stderr and stdout</label>\\n\\","<textarea class=\"resettable\" id=\"outputTextareaStdout1\" readonly></textarea>\\n\\","<!-- utility2-comment\\n\\","{{#if isRollup}}\\n\\","<script src=\"assets.app.js\"></script>\\n\\","{{#unless isRollup}}\\n\\","utility2-comment -->\\n\\","<script src=\"assets.utility2.rollup.js\"></script>\\n\\","<script src=\"jsonp.utility2._stateInit?callback=window.utility2._stateInit\"></script>\\n\\","<script src=\"assets.npmtest_promised_mongo.rollup.js\"></script>\\n\\","<script src=\"assets.example.js\"></script>\\n\\","<script src=\"assets.test.js\"></script>\\n\\","<!-- utility2-comment\\n\\","{{/if isRollup}}\\n\\","utility2-comment -->\\n\\","<div class=\"utility2FooterDiv\">\\n\\","    [ this app was created with\\n\\","    <a href=\"https://github.com/kaizhu256/node-utility2\" target=\"_blank\">utility2</a>\\n\\","    ]\\n\\","</div>\\n\\","</body>\\n\\","</html>\\n\\","';","        /* jslint-ignore-end */","        if (local.templateRender) {","            local.assetsDict['/'] = local.templateRender(","                local.assetsDict['/assets.index.template.html'],","                {","                    env: local.objectSetDefault(local.env, {","                        npm_package_description: 'the greatest app in the world!',","                        npm_package_name: 'my-app',","                        npm_package_nameAlias: 'my_app',","                        npm_package_version: '0.0.1'","                    })","                }","            );","        } else {","            local.assetsDict['/'] = local.assetsDict['/assets.index.template.html']","                .replace((/\\{\\{env\\.(\\w+?)\\}\\}/g), function (match0, match1) {","                    // jslint-hack","                    String(match0);","                    switch (match1) {","                    case 'npm_package_description':","                        return 'the greatest app in the world!';","                    case 'npm_package_name':","                        return 'my-app';","                    case 'npm_package_nameAlias':","                        return 'my_app';","                    case 'npm_package_version':","                        return '0.0.1';","                    }","                });","        }","        // run the cli","        if (local.global.utility2_rollup || module !== require.main) {","            break;","        }","        local.assetsDict['/assets.example.js'] =","            local.assetsDict['/assets.example.js'] ||","            local.fs.readFileSync(__filename, 'utf8');","        // bug-workaround - long $npm_package_buildCustomOrg","        /* jslint-ignore-begin */","        local.assetsDict['/assets.npmtest_promised_mongo.rollup.js'] =","            local.assetsDict['/assets.npmtest_promised_mongo.rollup.js'] ||","            local.fs.readFileSync(","                local.npmtest_promised_mongo.__dirname + '/lib.npmtest_promised_mongo.js',","                'utf8'","            ).replace((/^#!/), '//');","        /* jslint-ignore-end */","        local.assetsDict['/favicon.ico'] = local.assetsDict['/favicon.ico'] || '';","        // if $npm_config_timeout_exit exists,","        // then exit this process after $npm_config_timeout_exit ms","        if (Number(process.env.npm_config_timeout_exit)) {","            setTimeout(process.exit, Number(process.env.npm_config_timeout_exit));","        }","        // start server","        if (local.global.utility2_serverHttp1) {","            break;","        }","        process.env.PORT = process.env.PORT || '8081';","        console.error('server starting on port ' + process.env.PORT);","        local.http.createServer(function (request, response) {","            request.urlParsed = local.url.parse(request.url);","            if (local.assetsDict[request.urlParsed.pathname] !== undefined) {","                response.end(local.assetsDict[request.urlParsed.pathname]);","                return;","            }","            response.statusCode = 404;","            response.end();","        }).listen(process.env.PORT);","        break;","    }","}());",""],"l":{"26":2,"28":2,"33":2,"35":2,"37":2,"38":2,"39":2,"44":1,"51":2,"55":2,"59":2,"61":2,"69":1,"70":2,"76":2,"79":2,"82":2,"83":2,"85":1,"89":2,"92":1,"93":1,"94":1,"96":1,"97":1,"100":1,"101":1,"103":1,"106":1,"108":2,"114":1,"116":1,"118":1,"123":1,"124":2,"125":2,"126":3,"127":3,"128":3,"129":3,"130":1,"133":3,"134":3,"139":3,"143":1,"144":3,"145":1,"149":1,"150":1,"158":1,"160":1,"161":1,"162":1,"164":1,"166":1,"258":1,"259":1,"271":1,"274":6,"275":6,"277":1,"279":2,"281":1,"283":2,"288":1,"289":1,"291":1,"296":1,"303":1,"306":1,"307":1,"310":1,"311":1,"313":1,"314":1,"315":1,"316":1,"317":1,"318":1,"319":1,"321":1,"322":1,"324":1}},"/home/travis/build/npmtest/node-npmtest-promised-mongo/node_modules/promised-mongo/index.js":{"path":"/home/travis/build/npmtest/node-npmtest-promised-mongo/node_modules/promised-mongo/index.js","s":{"1":1,"2":1,"3":1,"4":1,"5":1,"6":1,"7":1,"8":1,"9":0,"10":0,"11":0,"12":0,"13":0,"14":0,"15":0,"16":0,"17":0,"18":0,"19":0,"20":0,"21":0,"22":0,"23":0,"24":1,"25":1,"26":0,"27":0,"28":0,"29":0,"30":0,"31":0,"32":0,"33":0,"34":0,"35":0,"36":0,"37":0,"38":0,"39":0,"40":0,"41":0,"42":0,"43":0,"44":0,"45":0,"46":0,"47":0,"48":0,"49":1,"50":1,"51":1,"52":1,"53":1,"54":1},"b":{"1":[1,0],"2":[0,0],"3":[0,0],"4":[0,0],"5":[0,0]},"f":{"1":0,"2":0,"3":0,"4":0,"5":0,"6":0,"7":0,"8":0,"9":0,"10":0,"11":0,"12":0},"fnMap":{"1":{"name":"createDatabase","line":13,"loc":{"start":{"line":13,"column":0},"end":{"line":13,"column":64}}},"2":{"name":"(anonymous_2)","line":27,"loc":{"start":{"line":27,"column":11},"end":{"line":27,"column":39}}},"3":{"name":"(anonymous_3)","line":45,"loc":{"start":{"line":45,"column":28},"end":{"line":45,"column":40}}},"4":{"name":"(anonymous_4)","line":46,"loc":{"start":{"line":46,"column":34},"end":{"line":46,"column":61}}},"5":{"name":"(anonymous_5)","line":48,"loc":{"start":{"line":48,"column":6},"end":{"line":48,"column":24}}},"6":{"name":"(anonymous_6)","line":54,"loc":{"start":{"line":54,"column":27},"end":{"line":54,"column":39}}},"7":{"name":"(anonymous_7)","line":57,"loc":{"start":{"line":57,"column":6},"end":{"line":57,"column":21}}},"8":{"name":"(anonymous_8)","line":61,"loc":{"start":{"line":61,"column":27},"end":{"line":61,"column":39}}},"9":{"name":"(anonymous_9)","line":68,"loc":{"start":{"line":68,"column":68},"end":{"line":68,"column":88}}},"10":{"name":"(anonymous_10)","line":69,"loc":{"start":{"line":69,"column":33},"end":{"line":69,"column":48}}},"11":{"name":"(anonymous_11)","line":75,"loc":{"start":{"line":75,"column":39},"end":{"line":75,"column":51}}},"12":{"name":"(anonymous_12)","line":77,"loc":{"start":{"line":77,"column":12},"end":{"line":77,"column":30}}}},"statementMap":{"1":{"start":{"line":1,"column":0},"end":{"line":1,"column":42}},"2":{"start":{"line":2,"column":0},"end":{"line":2,"column":46}},"3":{"start":{"line":3,"column":0},"end":{"line":3,"column":38}},"4":{"start":{"line":4,"column":0},"end":{"line":4,"column":54}},"5":{"start":{"line":6,"column":0},"end":{"line":6,"column":23}},"6":{"start":{"line":8,"column":0},"end":{"line":10,"column":1}},"7":{"start":{"line":9,"column":2},"end":{"line":9,"column":41}},"8":{"start":{"line":13,"column":0},"end":{"line":40,"column":1}},"9":{"start":{"line":14,"column":2},"end":{"line":14,"column":64}},"10":{"start":{"line":16,"column":2},"end":{"line":16,"column":38}},"11":{"start":{"line":17,"column":2},"end":{"line":17,"column":32}},"12":{"start":{"line":18,"column":2},"end":{"line":18,"column":40}},"13":{"start":{"line":19,"column":2},"end":{"line":19,"column":34}},"14":{"start":{"line":20,"column":2},"end":{"line":20,"column":34}},"15":{"start":{"line":21,"column":2},"end":{"line":21,"column":36}},"16":{"start":{"line":23,"column":2},"end":{"line":23,"column":10}},"17":{"start":{"line":25,"column":2},"end":{"line":37,"column":3}},"18":{"start":{"line":26,"column":4},"end":{"line":34,"column":7}},"19":{"start":{"line":28,"column":8},"end":{"line":32,"column":9}},"20":{"start":{"line":29,"column":10},"end":{"line":29,"column":34}},"21":{"start":{"line":31,"column":10},"end":{"line":31,"column":64}},"22":{"start":{"line":36,"column":4},"end":{"line":36,"column":13}},"23":{"start":{"line":39,"column":2},"end":{"line":39,"column":13}},"24":{"start":{"line":43,"column":0},"end":{"line":43,"column":32}},"25":{"start":{"line":45,"column":0},"end":{"line":85,"column":2}},"26":{"start":{"line":46,"column":2},"end":{"line":64,"column":4}},"27":{"start":{"line":47,"column":4},"end":{"line":63,"column":9}},"28":{"start":{"line":49,"column":8},"end":{"line":55,"column":9}},"29":{"start":{"line":50,"column":10},"end":{"line":52,"column":11}},"30":{"start":{"line":51,"column":12},"end":{"line":51,"column":28}},"31":{"start":{"line":54,"column":10},"end":{"line":54,"column":55}},"32":{"start":{"line":54,"column":41},"end":{"line":54,"column":51}},"33":{"start":{"line":58,"column":8},"end":{"line":62,"column":9}},"34":{"start":{"line":59,"column":10},"end":{"line":59,"column":22}},"35":{"start":{"line":61,"column":10},"end":{"line":61,"column":55}},"36":{"start":{"line":61,"column":41},"end":{"line":61,"column":51}},"37":{"start":{"line":66,"column":2},"end":{"line":66,"column":65}},"38":{"start":{"line":68,"column":2},"end":{"line":70,"column":4}},"39":{"start":{"line":69,"column":6},"end":{"line":69,"column":76}},"40":{"start":{"line":69,"column":50},"end":{"line":69,"column":61}},"41":{"start":{"line":69,"column":62},"end":{"line":69,"column":72}},"42":{"start":{"line":72,"column":2},"end":{"line":72,"column":57}},"43":{"start":{"line":73,"column":2},"end":{"line":73,"column":55}},"44":{"start":{"line":75,"column":2},"end":{"line":80,"column":4}},"45":{"start":{"line":76,"column":4},"end":{"line":79,"column":9}},"46":{"start":{"line":78,"column":8},"end":{"line":78,"column":29}},"47":{"start":{"line":82,"column":2},"end":{"line":82,"column":58}},"48":{"start":{"line":84,"column":2},"end":{"line":84,"column":14}},"49":{"start":{"line":88,"column":0},"end":{"line":88,"column":48}},"50":{"start":{"line":89,"column":0},"end":{"line":89,"column":42}},"51":{"start":{"line":90,"column":0},"end":{"line":90,"column":50}},"52":{"start":{"line":91,"column":0},"end":{"line":91,"column":44}},"53":{"start":{"line":92,"column":0},"end":{"line":92,"column":44}},"54":{"start":{"line":93,"column":0},"end":{"line":93,"column":46}}},"branchMap":{"1":{"line":8,"type":"if","locations":[{"start":{"line":8,"column":0},"end":{"line":8,"column":0}},{"start":{"line":8,"column":0},"end":{"line":8,"column":0}}]},"2":{"line":25,"type":"if","locations":[{"start":{"line":25,"column":2},"end":{"line":25,"column":2}},{"start":{"line":25,"column":2},"end":{"line":25,"column":2}}]},"3":{"line":28,"type":"if","locations":[{"start":{"line":28,"column":8},"end":{"line":28,"column":8}},{"start":{"line":28,"column":8},"end":{"line":28,"column":8}}]},"4":{"line":50,"type":"if","locations":[{"start":{"line":50,"column":10},"end":{"line":50,"column":10}},{"start":{"line":50,"column":10},"end":{"line":50,"column":10}}]},"5":{"line":58,"type":"if","locations":[{"start":{"line":58,"column":8},"end":{"line":58,"column":8}},{"start":{"line":58,"column":8},"end":{"line":58,"column":8}}]}},"code":["var Database = require('./dist/Database');","var Collection = require('./dist/Collection');","var mongodb = require('mongodb-core');","var coreJs = require('babel-runtime/core-js').default;","","var ES2015Proxy = null;","","if (typeof Proxy !== 'undefined') {","  ES2015Proxy = require('harmony-proxy');","}","","","function createDatabase(connectionString, options, collections) {","  var db = new Database(connectionString, options, collections);","","  db.ObjectId = mongodb.BSON.ObjectId;","  db.DBRef = mongodb.BSON.DBRef;","  db.Timestamp = mongodb.BSON.Timestamp;","  db.MinKey = mongodb.BSON.MinKey;","  db.MaxKey = mongodb.BSON.MaxKey;","  db.NumberLong = mongodb.BSON.Long;","","  var ret;","","  if (ES2015Proxy) {","    ret = new ES2015Proxy(db, {","      get: function (target, property) {","        if (target[property]) {","          return target[property];","        } else {","          return target[property] = target.collection(property);","        }","      }","    });","  } else {","    ret = db;","  }","","  return ret;","}","","","module.exports = createDatabase;","","createDatabase.compatible = function () {","  coreJs.Promise.prototype.done = function (resolve, reject) {","    this.then(","      function (result) {","        try {","          if (resolve) {","            resolve(result);","          }","        } catch (err) {","          process.nextTick(function () { throw err; });","        }","      },","      function (err) {","        if (reject) {","          reject(err);","        } else {","          process.nextTick(function () { throw err; });","        }","      });","  };","","  coreJs.Promise.prototype.fail = coreJs.Promise.prototype.catch;","","  coreJs.Promise.prototype.fin = coreJs.Promise.prototype.finally = function (callback) {","      return this.then(callback, function (err) { callback(); throw err; });","  };","","  var findAndModify = Collection.prototype.findAndModify;","  Collection.prototype.findAndModifyEx = findAndModify;","","  Collection.prototype.findAndModify = function () {","    return findAndModify.apply(this, Array.prototype.slice.call(arguments))","      .then(function (result) {","        return result.result;","      });","  };","","  Database.prototype.db = Database.prototype.getSiblingDb;","","  return this;","};","","","createDatabase.ObjectId = mongodb.BSON.ObjectId;","createDatabase.DBRef = mongodb.BSON.DBRef;","createDatabase.Timestamp = mongodb.BSON.Timestamp;","createDatabase.MinKey = mongodb.BSON.MinKey;","createDatabase.MaxKey = mongodb.BSON.MaxKey;","createDatabase.NumberLong = mongodb.BSON.Long;",""],"l":{"1":1,"2":1,"3":1,"4":1,"6":1,"8":1,"9":1,"13":1,"14":0,"16":0,"17":0,"18":0,"19":0,"20":0,"21":0,"23":0,"25":0,"26":0,"28":0,"29":0,"31":0,"36":0,"39":0,"43":1,"45":1,"46":0,"47":0,"49":0,"50":0,"51":0,"54":0,"58":0,"59":0,"61":0,"66":0,"68":0,"69":0,"72":0,"73":0,"75":0,"76":0,"78":0,"82":0,"84":0,"88":1,"89":1,"90":1,"91":1,"92":1,"93":1}},"/home/travis/build/npmtest/node-npmtest-promised-mongo/node_modules/promised-mongo/dist/Database.js":{"path":"/home/travis/build/npmtest/node-npmtest-promised-mongo/node_modules/promised-mongo/dist/Database.js","s":{"1":1,"2":1,"3":1,"4":1,"5":1,"6":1,"7":1,"8":1,"9":1,"10":1,"11":1,"12":1,"13":1,"14":1,"15":1,"16":1,"17":1,"18":1,"19":1,"20":1,"21":1,"22":1,"23":1,"24":0,"25":0,"26":0,"27":0,"28":0,"29":0,"30":0,"31":0,"32":0,"33":0,"34":0,"35":0,"36":0,"37":0,"38":0,"39":0,"40":0,"41":0,"42":0,"43":0,"44":0,"45":0,"46":0,"47":0,"48":1,"49":0,"50":0,"51":0,"52":0,"53":0,"54":0,"55":0,"56":0,"57":0,"58":0,"59":0,"60":0,"61":0,"62":0,"63":0,"64":0,"65":0,"66":0,"67":0,"68":0,"69":0,"70":0,"71":0,"72":0,"73":0,"74":0,"75":0,"76":0,"77":0,"78":0,"79":0,"80":0,"81":0,"82":0,"83":0,"84":0,"85":0,"86":0,"87":0,"88":0,"89":0,"90":0,"91":0,"92":0,"93":0,"94":0,"95":0,"96":0,"97":0,"98":0,"99":0,"100":0,"101":0,"102":0,"103":0,"104":0,"105":0,"106":0,"107":0,"108":0,"109":0,"110":0,"111":0,"112":0,"113":0,"114":0,"115":0,"116":0,"117":0,"118":0,"119":0,"120":0,"121":0,"122":0,"123":0,"124":0,"125":0,"126":0,"127":0,"128":0,"129":0,"130":0,"131":0,"132":0,"133":0,"134":0,"135":0,"136":0,"137":0,"138":0,"139":0,"140":0,"141":0,"142":0,"143":0,"144":0,"145":0,"146":0,"147":0,"148":0,"149":0,"150":0,"151":0,"152":0,"153":0,"154":0,"155":0,"156":0,"157":0,"158":0,"159":0,"160":0,"161":0,"162":0,"163":0,"164":0,"165":0,"166":0,"167":0,"168":0,"169":0,"170":0,"171":0,"172":0,"173":0,"174":0,"175":0,"176":0,"177":0,"178":0,"179":0,"180":0,"181":0,"182":0,"183":0,"184":0,"185":0,"186":0,"187":0,"188":0,"189":0,"190":0,"191":0,"192":0,"193":0,"194":0,"195":0,"196":0,"197":0,"198":0,"199":0,"200":0,"201":0,"202":0,"203":0,"204":0,"205":0,"206":0,"207":0,"208":0,"209":0,"210":0,"211":0,"212":0,"213":0,"214":0,"215":0,"216":0,"217":0,"218":0,"219":0,"220":0,"221":0,"222":0,"223":1,"224":1,"225":1},"b":{"1":[0,0],"2":[0,0],"3":[0,0],"4":[0,0],"5":[0,0],"6":[0,0],"7":[0,0],"8":[0,0,0,0],"9":[0,0,0,0],"10":[0,0],"11":[0,0],"12":[0,0],"13":[0,0],"14":[0,0],"15":[0,0],"16":[0,0],"17":[0,0,0,0],"18":[0,0],"19":[0,0,0,0,0],"20":[0,0],"21":[0,0,0,0],"22":[0,0,0,0],"23":[0,0,0,0],"24":[0,0,0,0],"25":[0,0,0,0],"26":[0,0,0,0],"27":[0,0,0,0],"28":[0,0,0,0,0],"29":[0,0],"30":[0,0],"31":[0,0],"32":[0,0,0,0],"33":[0,0],"34":[0,0,0]},"f":{"1":1,"2":0,"3":0,"4":0,"5":0,"6":0,"7":0,"8":0,"9":0,"10":0,"11":0,"12":0,"13":0,"14":0,"15":0,"16":0,"17":0,"18":0,"19":0,"20":0,"21":0,"22":0,"23":0,"24":0,"25":0,"26":0,"27":0,"28":0,"29":0,"30":0,"31":0,"32":0,"33":0,"34":0,"35":0,"36":0,"37":0,"38":0,"39":0,"40":0,"41":0,"42":0,"43":0,"44":0},"fnMap":{"1":{"name":"(anonymous_1)","line":45,"loc":{"start":{"line":45,"column":16},"end":{"line":45,"column":28}}},"2":{"name":"Database","line":46,"loc":{"start":{"line":46,"column":2},"end":{"line":46,"column":60}}},"3":{"name":"(anonymous_3)","line":81,"loc":{"start":{"line":81,"column":26},"end":{"line":81,"column":48}}},"4":{"name":"(anonymous_4)","line":87,"loc":{"start":{"line":87,"column":34},"end":{"line":87,"column":65}}},"5":{"name":"addUser","line":98,"loc":{"start":{"line":98,"column":11},"end":{"line":98,"column":34}}},"6":{"name":"addUser$","line":99,"loc":{"start":{"line":99,"column":39},"end":{"line":99,"column":70}}},"7":{"name":"close","line":116,"loc":{"start":{"line":116,"column":11},"end":{"line":116,"column":28}}},"8":{"name":"close$","line":118,"loc":{"start":{"line":118,"column":39},"end":{"line":118,"column":68}}},"9":{"name":"collection","line":144,"loc":{"start":{"line":144,"column":11},"end":{"line":144,"column":47}}},"10":{"name":"connect","line":149,"loc":{"start":{"line":149,"column":11},"end":{"line":149,"column":30}}},"11":{"name":"(anonymous_11)","line":156,"loc":{"start":{"line":156,"column":63},"end":{"line":156,"column":90}}},"12":{"name":"(anonymous_12)","line":183,"loc":{"start":{"line":183,"column":33},"end":{"line":183,"column":51}}},"13":{"name":"(anonymous_13)","line":184,"loc":{"start":{"line":184,"column":92},"end":{"line":184,"column":117}}},"14":{"name":"(anonymous_14)","line":193,"loc":{"start":{"line":193,"column":33},"end":{"line":193,"column":51}}},"15":{"name":"(anonymous_15)","line":198,"loc":{"start":{"line":198,"column":29},"end":{"line":198,"column":46}}},"16":{"name":"(anonymous_16)","line":202,"loc":{"start":{"line":202,"column":31},"end":{"line":202,"column":48}}},"17":{"name":"createCollection","line":212,"loc":{"start":{"line":212,"column":11},"end":{"line":212,"column":52}}},"18":{"name":"createCollection$","line":214,"loc":{"start":{"line":214,"column":39},"end":{"line":214,"column":79}}},"19":{"name":"createUser","line":232,"loc":{"start":{"line":232,"column":11},"end":{"line":232,"column":37}}},"20":{"name":"createUser$","line":234,"loc":{"start":{"line":234,"column":39},"end":{"line":234,"column":73}}},"21":{"name":"dropDatabase","line":262,"loc":{"start":{"line":262,"column":11},"end":{"line":262,"column":35}}},"22":{"name":"dropDatabase$","line":263,"loc":{"start":{"line":263,"column":39},"end":{"line":263,"column":75}}},"23":{"name":"dropUser","line":280,"loc":{"start":{"line":280,"column":11},"end":{"line":280,"column":39}}},"24":{"name":"dropUser$","line":281,"loc":{"start":{"line":281,"column":39},"end":{"line":281,"column":71}}},"25":{"name":"getCollectionNames","line":298,"loc":{"start":{"line":298,"column":11},"end":{"line":298,"column":41}}},"26":{"name":"getCollectionNames$","line":300,"loc":{"start":{"line":300,"column":39},"end":{"line":300,"column":81}}},"27":{"name":"(anonymous_27)","line":309,"loc":{"start":{"line":309,"column":58},"end":{"line":309,"column":74}}},"28":{"name":"getLastError","line":322,"loc":{"start":{"line":322,"column":11},"end":{"line":322,"column":35}}},"29":{"name":"getLastError$","line":323,"loc":{"start":{"line":323,"column":39},"end":{"line":323,"column":75}}},"30":{"name":"getLastErrorObj","line":340,"loc":{"start":{"line":340,"column":11},"end":{"line":340,"column":38}}},"31":{"name":"getLastErrorObj$","line":341,"loc":{"start":{"line":341,"column":39},"end":{"line":341,"column":78}}},"32":{"name":"removeUser","line":358,"loc":{"start":{"line":358,"column":11},"end":{"line":358,"column":41}}},"33":{"name":"removeUser$","line":359,"loc":{"start":{"line":359,"column":39},"end":{"line":359,"column":73}}},"34":{"name":"getSiblingDb","line":376,"loc":{"start":{"line":376,"column":11},"end":{"line":376,"column":54}}},"35":{"name":"getSiblingDb$","line":378,"loc":{"start":{"line":378,"column":39},"end":{"line":378,"column":75}}},"36":{"name":"runCommand","line":397,"loc":{"start":{"line":397,"column":11},"end":{"line":397,"column":40}}},"37":{"name":"runCommand$","line":399,"loc":{"start":{"line":399,"column":39},"end":{"line":399,"column":73}}},"38":{"name":"(anonymous_38)","line":417,"loc":{"start":{"line":417,"column":71},"end":{"line":417,"column":98}}},"39":{"name":"(anonymous_39)","line":418,"loc":{"start":{"line":418,"column":68},"end":{"line":418,"column":93}}},"40":{"name":"runCommandCursor","line":438,"loc":{"start":{"line":438,"column":11},"end":{"line":438,"column":55}}},"41":{"name":"stats","line":449,"loc":{"start":{"line":449,"column":11},"end":{"line":449,"column":33}}},"42":{"name":"stats$","line":450,"loc":{"start":{"line":450,"column":39},"end":{"line":450,"column":68}}},"43":{"name":"toString","line":470,"loc":{"start":{"line":470,"column":11},"end":{"line":470,"column":31}}},"44":{"name":"toString$","line":471,"loc":{"start":{"line":471,"column":39},"end":{"line":471,"column":71}}}},"statementMap":{"1":{"start":{"line":3,"column":0},"end":{"line":3,"column":76}},"2":{"start":{"line":5,"column":0},"end":{"line":5,"column":83}},"3":{"start":{"line":7,"column":0},"end":{"line":7,"column":96}},"4":{"start":{"line":9,"column":0},"end":{"line":9,"column":74}},"5":{"start":{"line":11,"column":0},"end":{"line":11,"column":97}},"6":{"start":{"line":13,"column":0},"end":{"line":15,"column":3}},"7":{"start":{"line":17,"column":0},"end":{"line":17,"column":36}},"8":{"start":{"line":19,"column":0},"end":{"line":19,"column":51}},"9":{"start":{"line":21,"column":0},"end":{"line":21,"column":43}},"10":{"start":{"line":23,"column":0},"end":{"line":23,"column":57}},"11":{"start":{"line":25,"column":0},"end":{"line":25,"column":48}},"12":{"start":{"line":27,"column":0},"end":{"line":27,"column":61}},"13":{"start":{"line":29,"column":0},"end":{"line":29,"column":32}},"14":{"start":{"line":31,"column":0},"end":{"line":31,"column":47}},"15":{"start":{"line":33,"column":0},"end":{"line":33,"column":42}},"16":{"start":{"line":35,"column":0},"end":{"line":35,"column":55}},"17":{"start":{"line":37,"column":0},"end":{"line":37,"column":34}},"18":{"start":{"line":39,"column":0},"end":{"line":39,"column":47}},"19":{"start":{"line":41,"column":0},"end":{"line":41,"column":45}},"20":{"start":{"line":42,"column":0},"end":{"line":42,"column":47}},"21":{"start":{"line":43,"column":0},"end":{"line":43,"column":47}},"22":{"start":{"line":45,"column":0},"end":{"line":485,"column":5}},"23":{"start":{"line":46,"column":2},"end":{"line":94,"column":3}},"24":{"start":{"line":47,"column":4},"end":{"line":47,"column":36}},"25":{"start":{"line":49,"column":4},"end":{"line":49,"column":20}},"26":{"start":{"line":51,"column":4},"end":{"line":54,"column":5}},"27":{"start":{"line":52,"column":6},"end":{"line":52,"column":28}},"28":{"start":{"line":53,"column":6},"end":{"line":53,"column":19}},"29":{"start":{"line":56,"column":4},"end":{"line":56,"column":33}},"30":{"start":{"line":58,"column":4},"end":{"line":62,"column":5}},"31":{"start":{"line":59,"column":6},"end":{"line":59,"column":70}},"32":{"start":{"line":61,"column":6},"end":{"line":61,"column":37}},"33":{"start":{"line":64,"column":4},"end":{"line":64,"column":44}},"34":{"start":{"line":65,"column":4},"end":{"line":65,"column":32}},"35":{"start":{"line":67,"column":4},"end":{"line":73,"column":5}},"36":{"start":{"line":68,"column":6},"end":{"line":68,"column":91}},"37":{"start":{"line":70,"column":6},"end":{"line":72,"column":7}},"38":{"start":{"line":71,"column":8},"end":{"line":71,"column":27}},"39":{"start":{"line":75,"column":4},"end":{"line":78,"column":7}},"40":{"start":{"line":80,"column":4},"end":{"line":93,"column":5}},"41":{"start":{"line":81,"column":6},"end":{"line":92,"column":9}},"42":{"start":{"line":82,"column":8},"end":{"line":82,"column":55}},"43":{"start":{"line":85,"column":8},"end":{"line":85,"column":42}},"44":{"start":{"line":86,"column":8},"end":{"line":86,"column":31}},"45":{"start":{"line":87,"column":8},"end":{"line":89,"column":17}},"46":{"start":{"line":88,"column":10},"end":{"line":88,"column":65}},"47":{"start":{"line":91,"column":8},"end":{"line":91,"column":45}},"48":{"start":{"line":96,"column":2},"end":{"line":482,"column":6}},"49":{"start":{"line":99,"column":6},"end":{"line":112,"column":21}},"50":{"start":{"line":100,"column":8},"end":{"line":111,"column":9}},"51":{"start":{"line":100,"column":18},"end":{"line":111,"column":9}},"52":{"start":{"line":102,"column":12},"end":{"line":102,"column":33}},"53":{"start":{"line":103,"column":12},"end":{"line":103,"column":63}},"54":{"start":{"line":106,"column":12},"end":{"line":106,"column":66}},"55":{"start":{"line":110,"column":12},"end":{"line":110,"column":38}},"56":{"start":{"line":117,"column":6},"end":{"line":117,"column":15}},"57":{"start":{"line":118,"column":6},"end":{"line":140,"column":21}},"58":{"start":{"line":119,"column":8},"end":{"line":139,"column":9}},"59":{"start":{"line":119,"column":18},"end":{"line":139,"column":9}},"60":{"start":{"line":121,"column":12},"end":{"line":121,"column":24}},"61":{"start":{"line":123,"column":12},"end":{"line":126,"column":13}},"62":{"start":{"line":124,"column":14},"end":{"line":124,"column":35}},"63":{"start":{"line":125,"column":14},"end":{"line":125,"column":20}},"64":{"start":{"line":128,"column":12},"end":{"line":128,"column":33}},"65":{"start":{"line":129,"column":12},"end":{"line":129,"column":66}},"66":{"start":{"line":132,"column":12},"end":{"line":132,"column":39}},"67":{"start":{"line":134,"column":12},"end":{"line":134,"column":39}},"68":{"start":{"line":138,"column":12},"end":{"line":138,"column":38}},"69":{"start":{"line":145,"column":6},"end":{"line":145,"column":63}},"70":{"start":{"line":150,"column":6},"end":{"line":150,"column":22}},"71":{"start":{"line":153,"column":6},"end":{"line":208,"column":7}},"72":{"start":{"line":154,"column":8},"end":{"line":154,"column":35}},"73":{"start":{"line":156,"column":8},"end":{"line":207,"column":11}},"74":{"start":{"line":157,"column":10},"end":{"line":158,"column":28}},"75":{"start":{"line":159,"column":10},"end":{"line":159,"column":35}},"76":{"start":{"line":162,"column":10},"end":{"line":178,"column":11}},"77":{"start":{"line":163,"column":12},"end":{"line":163,"column":44}},"78":{"start":{"line":164,"column":12},"end":{"line":164,"column":65}},"79":{"start":{"line":165,"column":12},"end":{"line":165,"column":59}},"80":{"start":{"line":166,"column":12},"end":{"line":166,"column":37}},"81":{"start":{"line":167,"column":12},"end":{"line":167,"column":43}},"82":{"start":{"line":169,"column":12},"end":{"line":169,"column":76}},"83":{"start":{"line":170,"column":12},"end":{"line":170,"column":41}},"84":{"start":{"line":172,"column":12},"end":{"line":172,"column":40}},"85":{"start":{"line":173,"column":12},"end":{"line":173,"column":46}},"86":{"start":{"line":174,"column":12},"end":{"line":174,"column":37}},"87":{"start":{"line":175,"column":12},"end":{"line":175,"column":43}},"88":{"start":{"line":176,"column":12},"end":{"line":176,"column":76}},"89":{"start":{"line":177,"column":12},"end":{"line":177,"column":58}},"90":{"start":{"line":180,"column":10},"end":{"line":196,"column":11}},"91":{"start":{"line":181,"column":12},"end":{"line":181,"column":61}},"92":{"start":{"line":183,"column":12},"end":{"line":191,"column":15}},"93":{"start":{"line":184,"column":14},"end":{"line":190,"column":17}},"94":{"start":{"line":185,"column":16},"end":{"line":189,"column":17}},"95":{"start":{"line":186,"column":18},"end":{"line":186,"column":32}},"96":{"start":{"line":188,"column":18},"end":{"line":188,"column":34}},"97":{"start":{"line":193,"column":12},"end":{"line":195,"column":15}},"98":{"start":{"line":194,"column":14},"end":{"line":194,"column":30}},"99":{"start":{"line":198,"column":10},"end":{"line":200,"column":13}},"100":{"start":{"line":199,"column":12},"end":{"line":199,"column":26}},"101":{"start":{"line":202,"column":10},"end":{"line":204,"column":13}},"102":{"start":{"line":203,"column":12},"end":{"line":203,"column":26}},"103":{"start":{"line":206,"column":10},"end":{"line":206,"column":27}},"104":{"start":{"line":213,"column":6},"end":{"line":213,"column":14}},"105":{"start":{"line":214,"column":6},"end":{"line":228,"column":21}},"106":{"start":{"line":215,"column":8},"end":{"line":227,"column":9}},"107":{"start":{"line":215,"column":18},"end":{"line":227,"column":9}},"108":{"start":{"line":217,"column":12},"end":{"line":217,"column":78}},"109":{"start":{"line":218,"column":12},"end":{"line":218,"column":33}},"110":{"start":{"line":219,"column":12},"end":{"line":219,"column":67}},"111":{"start":{"line":222,"column":12},"end":{"line":222,"column":66}},"112":{"start":{"line":226,"column":12},"end":{"line":226,"column":38}},"113":{"start":{"line":233,"column":6},"end":{"line":233,"column":14}},"114":{"start":{"line":234,"column":6},"end":{"line":258,"column":21}},"115":{"start":{"line":235,"column":8},"end":{"line":257,"column":9}},"116":{"start":{"line":235,"column":18},"end":{"line":257,"column":9}},"117":{"start":{"line":237,"column":12},"end":{"line":240,"column":13}},"118":{"start":{"line":238,"column":14},"end":{"line":238,"column":35}},"119":{"start":{"line":239,"column":14},"end":{"line":239,"column":20}},"120":{"start":{"line":242,"column":12},"end":{"line":242,"column":62}},"121":{"start":{"line":245,"column":12},"end":{"line":245,"column":78}},"122":{"start":{"line":247,"column":12},"end":{"line":247,"column":28}},"123":{"start":{"line":248,"column":12},"end":{"line":248,"column":33}},"124":{"start":{"line":249,"column":12},"end":{"line":249,"column":67}},"125":{"start":{"line":252,"column":12},"end":{"line":252,"column":66}},"126":{"start":{"line":256,"column":12},"end":{"line":256,"column":38}},"127":{"start":{"line":263,"column":6},"end":{"line":276,"column":21}},"128":{"start":{"line":264,"column":8},"end":{"line":275,"column":9}},"129":{"start":{"line":264,"column":18},"end":{"line":275,"column":9}},"130":{"start":{"line":266,"column":12},"end":{"line":266,"column":33}},"131":{"start":{"line":267,"column":12},"end":{"line":267,"column":78}},"132":{"start":{"line":270,"column":12},"end":{"line":270,"column":66}},"133":{"start":{"line":274,"column":12},"end":{"line":274,"column":38}},"134":{"start":{"line":281,"column":6},"end":{"line":294,"column":21}},"135":{"start":{"line":282,"column":8},"end":{"line":293,"column":9}},"136":{"start":{"line":282,"column":18},"end":{"line":293,"column":9}},"137":{"start":{"line":284,"column":12},"end":{"line":284,"column":33}},"138":{"start":{"line":285,"column":12},"end":{"line":285,"column":86}},"139":{"start":{"line":288,"column":12},"end":{"line":288,"column":66}},"140":{"start":{"line":292,"column":12},"end":{"line":292,"column":38}},"141":{"start":{"line":299,"column":6},"end":{"line":299,"column":28}},"142":{"start":{"line":300,"column":6},"end":{"line":318,"column":21}},"143":{"start":{"line":301,"column":8},"end":{"line":317,"column":9}},"144":{"start":{"line":301,"column":18},"end":{"line":317,"column":9}},"145":{"start":{"line":303,"column":12},"end":{"line":303,"column":62}},"146":{"start":{"line":304,"column":12},"end":{"line":304,"column":33}},"147":{"start":{"line":305,"column":12},"end":{"line":305,"column":98}},"148":{"start":{"line":308,"column":12},"end":{"line":308,"column":37}},"149":{"start":{"line":309,"column":12},"end":{"line":312,"column":16}},"150":{"start":{"line":311,"column":14},"end":{"line":311,"column":66}},"151":{"start":{"line":316,"column":12},"end":{"line":316,"column":38}},"152":{"start":{"line":323,"column":6},"end":{"line":336,"column":21}},"153":{"start":{"line":324,"column":8},"end":{"line":335,"column":9}},"154":{"start":{"line":324,"column":18},"end":{"line":335,"column":9}},"155":{"start":{"line":326,"column":12},"end":{"line":326,"column":33}},"156":{"start":{"line":327,"column":12},"end":{"line":327,"column":78}},"157":{"start":{"line":330,"column":12},"end":{"line":330,"column":70}},"158":{"start":{"line":334,"column":12},"end":{"line":334,"column":38}},"159":{"start":{"line":341,"column":6},"end":{"line":354,"column":21}},"160":{"start":{"line":342,"column":8},"end":{"line":353,"column":9}},"161":{"start":{"line":342,"column":18},"end":{"line":353,"column":9}},"162":{"start":{"line":344,"column":12},"end":{"line":344,"column":33}},"163":{"start":{"line":345,"column":12},"end":{"line":345,"column":66}},"164":{"start":{"line":348,"column":12},"end":{"line":348,"column":66}},"165":{"start":{"line":352,"column":12},"end":{"line":352,"column":38}},"166":{"start":{"line":359,"column":6},"end":{"line":372,"column":21}},"167":{"start":{"line":360,"column":8},"end":{"line":371,"column":9}},"168":{"start":{"line":360,"column":18},"end":{"line":371,"column":9}},"169":{"start":{"line":362,"column":12},"end":{"line":362,"column":33}},"170":{"start":{"line":363,"column":12},"end":{"line":363,"column":70}},"171":{"start":{"line":366,"column":12},"end":{"line":366,"column":66}},"172":{"start":{"line":370,"column":12},"end":{"line":370,"column":38}},"173":{"start":{"line":377,"column":6},"end":{"line":377,"column":14}},"174":{"start":{"line":378,"column":6},"end":{"line":393,"column":21}},"175":{"start":{"line":379,"column":8},"end":{"line":392,"column":9}},"176":{"start":{"line":379,"column":18},"end":{"line":392,"column":9}},"177":{"start":{"line":381,"column":12},"end":{"line":381,"column":109}},"178":{"start":{"line":382,"column":12},"end":{"line":382,"column":33}},"179":{"start":{"line":383,"column":12},"end":{"line":383,"column":61}},"180":{"start":{"line":386,"column":12},"end":{"line":386,"column":50}},"181":{"start":{"line":387,"column":12},"end":{"line":387,"column":53}},"182":{"start":{"line":391,"column":12},"end":{"line":391,"column":38}},"183"
[...]
olumn":13}},"26":{"start":{"line":56,"column":14},"end":{"line":56,"column":36}},"27":{"start":{"line":57,"column":14},"end":{"line":57,"column":20}},"28":{"start":{"line":60,"column":12},"end":{"line":60,"column":36}},"29":{"start":{"line":61,"column":12},"end":{"line":61,"column":33}},"30":{"start":{"line":62,"column":12},"end":{"line":62,"column":81}},"31":{"start":{"line":65,"column":12},"end":{"line":65,"column":41}},"32":{"start":{"line":67,"column":12},"end":{"line":73,"column":13}},"33":{"start":{"line":68,"column":14},"end":{"line":68,"column":52}},"34":{"start":{"line":69,"column":19},"end":{"line":73,"column":13}},"35":{"start":{"line":70,"column":14},"end":{"line":70,"column":53}},"36":{"start":{"line":71,"column":19},"end":{"line":73,"column":13}},"37":{"start":{"line":72,"column":14},"end":{"line":72,"column":52}},"38":{"start":{"line":76,"column":12},"end":{"line":76,"column":16}},"39":{"start":{"line":77,"column":12},"end":{"line":77,"column":33}},"40":{"start":{"line":78,"column":12},"end":{"line":78,"column":18}},"41":{"start":{"line":82,"column":12},"end":{"line":82,"column":26}},"42":{"start":{"line":83,"column":12},"end":{"line":83,"column":56}},"43":{"start":{"line":87,"column":12},"end":{"line":87,"column":38}},"44":{"start":{"line":94,"column":6},"end":{"line":94,"column":43}},"45":{"start":{"line":95,"column":6},"end":{"line":160,"column":21}},"46":{"start":{"line":96,"column":8},"end":{"line":159,"column":9}},"47":{"start":{"line":96,"column":18},"end":{"line":159,"column":9}},"48":{"start":{"line":98,"column":12},"end":{"line":98,"column":28}},"49":{"start":{"line":99,"column":12},"end":{"line":99,"column":24}},"50":{"start":{"line":101,"column":12},"end":{"line":119,"column":14}},"51":{"start":{"line":102,"column":14},"end":{"line":117,"column":15}},"52":{"start":{"line":103,"column":16},"end":{"line":108,"column":18}},"53":{"start":{"line":109,"column":21},"end":{"line":117,"column":15}},"54":{"start":{"line":110,"column":16},"end":{"line":110,"column":58}},"55":{"start":{"line":111,"column":16},"end":{"line":116,"column":18}},"56":{"start":{"line":118,"column":14},"end":{"line":118,"column":76}},"57":{"start":{"line":121,"column":12},"end":{"line":139,"column":14}},"58":{"start":{"line":122,"column":14},"end":{"line":137,"column":15}},"59":{"start":{"line":123,"column":16},"end":{"line":128,"column":18}},"60":{"start":{"line":129,"column":21},"end":{"line":137,"column":15}},"61":{"start":{"line":130,"column":16},"end":{"line":130,"column":58}},"62":{"start":{"line":131,"column":16},"end":{"line":136,"column":18}},"63":{"start":{"line":138,"column":14},"end":{"line":138,"column":111}},"64":{"start":{"line":141,"column":12},"end":{"line":143,"column":14}},"65":{"start":{"line":142,"column":14},"end":{"line":142,"column":24}},"66":{"start":{"line":144,"column":12},"end":{"line":146,"column":14}},"67":{"start":{"line":145,"column":14},"end":{"line":145,"column":24}},"68":{"start":{"line":147,"column":12},"end":{"line":149,"column":14}},"69":{"start":{"line":148,"column":14},"end":{"line":148,"column":41}},"70":{"start":{"line":150,"column":12},"end":{"line":152,"column":14}},"71":{"start":{"line":151,"column":14},"end":{"line":151,"column":42}},"72":{"start":{"line":154,"column":12},"end":{"line":154,"column":60}},"73":{"start":{"line":158,"column":12},"end":{"line":158,"column":38}},"74":{"start":{"line":165,"column":6},"end":{"line":165,"column":22}},"75":{"start":{"line":167,"column":6},"end":{"line":182,"column":7}},"76":{"start":{"line":168,"column":8},"end":{"line":173,"column":10}},"77":{"start":{"line":174,"column":13},"end":{"line":182,"column":7}},"78":{"start":{"line":175,"column":8},"end":{"line":175,"column":50}},"79":{"start":{"line":176,"column":8},"end":{"line":181,"column":10}},"80":{"start":{"line":184,"column":6},"end":{"line":186,"column":7}},"81":{"start":{"line":185,"column":8},"end":{"line":185,"column":68}},"82":{"start":{"line":187,"column":6},"end":{"line":187,"column":47}},"83":{"start":{"line":192,"column":6},"end":{"line":197,"column":8}},"84":{"start":{"line":199,"column":6},"end":{"line":207,"column":9}},"85":{"start":{"line":200,"column":8},"end":{"line":206,"column":9}},"86":{"start":{"line":201,"column":10},"end":{"line":201,"column":50}},"87":{"start":{"line":202,"column":15},"end":{"line":206,"column":9}},"88":{"start":{"line":203,"column":10},"end":{"line":203,"column":52}},"89":{"start":{"line":204,"column":15},"end":{"line":206,"column":9}},"90":{"start":{"line":205,"column":10},"end":{"line":205,"column":50}},"91":{"start":{"line":209,"column":6},"end":{"line":209,"column":20}},"92":{"start":{"line":213,"column":2},"end":{"line":213,"column":14}},"93":{"start":{"line":216,"column":0},"end":{"line":216,"column":26}},"94":{"start":{"line":218,"column":0},"end":{"line":218,"column":36}}},"branchMap":{"1":{"line":36,"type":"switch","locations":[{"start":{"line":37,"column":10},"end":{"line":52,"column":18}},{"start":{"line":54,"column":10},"end":{"line":62,"column":81}},{"start":{"line":64,"column":10},"end":{"line":73,"column":13}},{"start":{"line":75,"column":10},"end":{"line":78,"column":18}},{"start":{"line":80,"column":10},"end":{"line":83,"column":56}},{"start":{"line":85,"column":10},"end":{"line":85,"column":18}},{"start":{"line":86,"column":10},"end":{"line":87,"column":38}}]},"2":{"line":55,"type":"if","locations":[{"start":{"line":55,"column":12},"end":{"line":55,"column":12}},{"start":{"line":55,"column":12},"end":{"line":55,"column":12}}]},"3":{"line":67,"type":"if","locations":[{"start":{"line":67,"column":12},"end":{"line":67,"column":12}},{"start":{"line":67,"column":12},"end":{"line":67,"column":12}}]},"4":{"line":69,"type":"if","locations":[{"start":{"line":69,"column":19},"end":{"line":69,"column":19}},{"start":{"line":69,"column":19},"end":{"line":69,"column":19}}]},"5":{"line":71,"type":"if","locations":[{"start":{"line":71,"column":19},"end":{"line":71,"column":19}},{"start":{"line":71,"column":19},"end":{"line":71,"column":19}}]},"6":{"line":96,"type":"switch","locations":[{"start":{"line":97,"column":10},"end":{"line":154,"column":60}},{"start":{"line":156,"column":10},"end":{"line":156,"column":17}},{"start":{"line":157,"column":10},"end":{"line":158,"column":38}}]},"7":{"line":102,"type":"if","locations":[{"start":{"line":102,"column":14},"end":{"line":102,"column":14}},{"start":{"line":102,"column":14},"end":{"line":102,"column":14}}]},"8":{"line":109,"type":"if","locations":[{"start":{"line":109,"column":21},"end":{"line":109,"column":21}},{"start":{"line":109,"column":21},"end":{"line":109,"column":21}}]},"9":{"line":122,"type":"if","locations":[{"start":{"line":122,"column":14},"end":{"line":122,"column":14}},{"start":{"line":122,"column":14},"end":{"line":122,"column":14}}]},"10":{"line":129,"type":"if","locations":[{"start":{"line":129,"column":21},"end":{"line":129,"column":21}},{"start":{"line":129,"column":21},"end":{"line":129,"column":21}}]},"11":{"line":167,"type":"if","locations":[{"start":{"line":167,"column":6},"end":{"line":167,"column":6}},{"start":{"line":167,"column":6},"end":{"line":167,"column":6}}]},"12":{"line":174,"type":"if","locations":[{"start":{"line":174,"column":13},"end":{"line":174,"column":13}},{"start":{"line":174,"column":13},"end":{"line":174,"column":13}}]},"13":{"line":184,"type":"if","locations":[{"start":{"line":184,"column":6},"end":{"line":184,"column":6}},{"start":{"line":184,"column":6},"end":{"line":184,"column":6}}]},"14":{"line":200,"type":"if","locations":[{"start":{"line":200,"column":8},"end":{"line":200,"column":8}},{"start":{"line":200,"column":8},"end":{"line":200,"column":8}}]},"15":{"line":202,"type":"if","locations":[{"start":{"line":202,"column":15},"end":{"line":202,"column":15}},{"start":{"line":202,"column":15},"end":{"line":202,"column":15}}]},"16":{"line":204,"type":"if","locations":[{"start":{"line":204,"column":15},"end":{"line":204,"column":15}},{"start":{"line":204,"column":15},"end":{"line":204,"column":15}}]}},"code":["'use strict';","","var _createClass = require('babel-runtime/helpers/create-class')['default'];","","var _classCallCheck = require('babel-runtime/helpers/class-call-check')['default'];","","var _Object$defineProperty = require('babel-runtime/core-js/object/define-property')['default'];","","var _regeneratorRuntime = require('babel-runtime/regenerator')['default'];","","var _interopRequireDefault = require('babel-runtime/helpers/interop-require-default')['default'];","","_Object$defineProperty(exports, '__esModule', {","  value: true","});","","var _mongodbCore = require('mongodb-core');","","var _mongodbCore2 = _interopRequireDefault(_mongodbCore);","","var Bulk = (function () {","  function Bulk(collection, ordered) {","    _classCallCheck(this, Bulk);","","    this.collection = collection;","    this.ordered = ordered;","    this._currentCommand = null;","    this._commands = [];","  }","","  _createClass(Bulk, [{","    key: 'execute',","    value: function execute() {","      var self, result, i, cmd, cmdResult;","      return _regeneratorRuntime.async(function execute$(context$2$0) {","        while (1) switch (context$2$0.prev = context$2$0.next) {","          case 0:","            self = this;","            result = {","              writeErrors: [],","              writeConcernErrors: [],","              nInserted: 0,","              nUpdated: 0,","              nMatched: 0,","              nModified: 0,","              nRemoved: 0,","              upserted: []","            };","","            self._commands.push(self._currentCommand);","","            i = 0;","","          case 4:","            if (!(i < self._commands.length)) {","              context$2$0.next = 13;","              break;","            }","","            cmd = self._commands[i];","            context$2$0.next = 8;","            return _regeneratorRuntime.awrap(self.collection.db.runCommand(cmd));","","          case 8:","            cmdResult = context$2$0.sent;","","            if (cmd.update) {","              result.nUpdated += cmdResult.result.n;","            } else if (cmd.insert) {","              result.nInserted += cmdResult.result.n;","            } else if (cmd['delete']) {","              result.nRemoved += cmdResult.result.n;","            }","","          case 10:","            ++i;","            context$2$0.next = 4;","            break;","","          case 13:","","            result.ok = 1;","            return context$2$0.abrupt('return', result);","","          case 15:","          case 'end':","            return context$2$0.stop();","        }","      }, null, this);","    }","  }, {","    key: 'find',","    value: function find(query) {","      var findObject, self, remove, update;","      return _regeneratorRuntime.async(function find$(context$2$0) {","        while (1) switch (context$2$0.prev = context$2$0.next) {","          case 0:","            findObject = {};","            self = this;","","            remove = function remove(limit) {","              if (!self._currentCommand) {","                self._currentCommand = {","                  'delete': self.collection.collectionName,","                  deletes: [],","                  ordered: self.ordered,","                  writeConcern: { w: 1 }","                };","              } else if (!self._currentCommand['delete']) {","                self._commands.push(self._currentCommand);","                self._currentCommand = {","                  'delete': self.collection.collectionName,","                  deletes: [],","                  ordered: self.ordered,","                  writeConcern: { w: 1 }","                };","              }","              self._currentCommand.deletes.push({ q: query, limit: limit });","            };","","            update = function update(updateObject, multiple) {","              if (!self._currentCommand) {","                self._currentCommand = {","                  update: self.collection.collectionName,","                  updates: [],","                  ordered: self.ordered,","                  writeConcern: { w: 1 }","                };","              } else if (!self._currentCommand.update) {","                self._commands.push(self._currentCommand);","                self._currentCommand = {","                  update: self.collection.collectionName,","                  updates: [],","                  ordered: self.ordered,","                  writeConcern: { w: 1 }","                };","              }","              self._currentCommand.updates.push({ q: query, u: updateObject, multi: mulitple, upsert: false });","            };","","            findObject.remove = function () {","              remove(0);","            };","            findObject.removeOne = function () {","              remove(1);","            };","            findObject.update = function (updateObject) {","              update(updateObject, true);","            };","            findObject.updateOne = function (updateObject) {","              update(updateObject, false);","            };","","            return context$2$0.abrupt('return', findObject);","","          case 9:","          case 'end':","            return context$2$0.stop();","        }","      }, null, this);","    }","  }, {","    key: 'insert',","    value: function insert(doc) {","      var self = this;","","      if (!self._currentCommand) {","        self._currentCommand = {","          insert: self.collection.collectionName,","          documents: [],","          ordered: self.ordered,","          writeConcern: { w: 1 }","        };","      } else if (!self._currentCommand.insert) {","        self._commands.push(self._currentCommand);","        self._currentCommand = {","          insert: self.collection.collectionName,","          documents: [],","          ordered: self.ordered,","          writeConcern: { w: 1 }","        };","      }","","      if (!doc._id) {","        doc._id = _mongodbCore2['default'].BSON.ObjectID.createPk();","      }","      this._currentCommand.documents.push(doc);","    }","  }, {","    key: 'tojson',","    value: function tojson() {","      var result = {","        nInsertOps: 0,","        nUpdateOps: 0,","        nRemoveOps: 0,","        nBatches: this._commands.length","      };","","      this._commands.forEach(function (cmd) {","        if (cmd.update) {","          result.nUpdateOps += cmd.updates.length;","        } else if (cmd.insert) {","          result.nInsertOps += cmd.documents.length;","        } else if (cmd['delete']) {","          result.nRemoveOps += cmd.deletes.length;","        }","      });","","      return result;","    }","  }]);","","  return Bulk;","})();","","exports['default'] = Bulk;",";","module.exports = exports['default'];",""],"l":{"3":1,"5":1,"7":1,"9":1,"11":1,"13":1,"17":1,"19":1,"21":1,"22":1,"23":0,"25":0,"26":0,"27":0,"28":0,"31":1,"34":0,"35":0,"36":0,"38":0,"39":0,"50":0,"52":0,"55":0,"56":0,"57":0,"60":0,"61":0,"62":0,"65":0,"67":0,"68":0,"69":0,"70":0,"71":0,"72":0,"76":0,"77":0,"78":0,"82":0,"83":0,"87":0,"94":0,"95":0,"96":0,"98":0,"99":0,"101":0,"102":0,"103":0,"109":0,"110":0,"111":0,"118":0,"121":0,"122":0,"123":0,"129":0,"130":0,"131":0,"138":0,"141":0,"142":0,"144":0,"145":0,"147":0,"148":0,"150":0,"151":0,"154":0,"158":0,"165":0,"167":0,"168":0,"174":0,"175":0,"176":0,"184":0,"185":0,"187":0,"192":0,"199":0,"200":0,"201":0,"202":0,"203":0,"204":0,"205":0,"209":0,"213":1,"216":1,"218":1}},"/home/travis/build/npmtest/node-npmtest-promised-mongo/node_modules/promised-mongo/dist/Utils.js":{"path":"/home/travis/build/npmtest/node-npmtest-promised-mongo/node_modules/promised-mongo/dist/Utils.js","s":{"1":1,"2":1,"3":1,"4":1,"5":1,"6":1,"7":0,"8":0,"9":0,"10":0,"11":0,"12":0,"13":0,"14":0,"15":0,"16":0},"b":{"1":[0,0],"2":[0,0,0,0],"3":[0,0],"4":[0,0]},"f":{"1":0},"fnMap":{"1":{"name":"toError","line":15,"loc":{"start":{"line":15,"column":0},"end":{"line":15,"column":24}}}},"statementMap":{"1":{"start":{"line":3,"column":0},"end":{"line":3,"column":96}},"2":{"start":{"line":5,"column":0},"end":{"line":5,"column":75}},"3":{"start":{"line":7,"column":0},"end":{"line":9,"column":3}},"4":{"start":{"line":11,"column":0},"end":{"line":11,"column":26}},"5":{"start":{"line":13,"column":0},"end":{"line":13,"column":43}},"6":{"start":{"line":15,"column":0},"end":{"line":35,"column":1}},"7":{"start":{"line":16,"column":2},"end":{"line":18,"column":3}},"8":{"start":{"line":17,"column":4},"end":{"line":17,"column":17}},"9":{"start":{"line":20,"column":2},"end":{"line":20,"column":67}},"10":{"start":{"line":21,"column":2},"end":{"line":21,"column":43}},"11":{"start":{"line":24,"column":2},"end":{"line":24,"column":65}},"12":{"start":{"line":26,"column":2},"end":{"line":32,"column":3}},"13":{"start":{"line":27,"column":4},"end":{"line":27,"column":36}},"14":{"start":{"line":29,"column":4},"end":{"line":31,"column":5}},"15":{"start":{"line":30,"column":6},"end":{"line":30,"column":36}},"16":{"start":{"line":34,"column":2},"end":{"line":34,"column":11}}},"branchMap":{"1":{"line":16,"type":"if","locations":[{"start":{"line":16,"column":2},"end":{"line":16,"column":2}},{"start":{"line":16,"column":2},"end":{"line":16,"column":2}}]},"2":{"line":20,"type":"binary-expr","locations":[{"start":{"line":20,"column":12},"end":{"line":20,"column":21}},{"start":{"line":20,"column":25},"end":{"line":20,"column":37}},{"start":{"line":20,"column":41},"end":{"line":20,"column":57}},{"start":{"line":20,"column":61},"end":{"line":20,"column":66}}]},"3":{"line":24,"type":"cond-expr","locations":[{"start":{"line":24,"column":40},"end":{"line":24,"column":59}},{"start":{"line":24,"column":62},"end":{"line":24,"column":64}}]},"4":{"line":26,"type":"if","locations":[{"start":{"line":26,"column":2},"end":{"line":26,"column":2}},{"start":{"line":26,"column":2},"end":{"line":26,"column":2}}]}},"code":["'use strict';","","var _Object$defineProperty = require('babel-runtime/core-js/object/define-property')['default'];","","var _Object$keys = require('babel-runtime/core-js/object/keys')['default'];","","_Object$defineProperty(exports, '__esModule', {","  value: true","});","","exports.toError = toError;","","var _mongodbCore = require('mongodb-core');","","function toError(error) {","  if (error instanceof Error) {","    return error;","  }","","  var msg = error.err || error.errmsg || error.errMessage || error;","  var e = new _mongodbCore.MongoError(msg);","","  // Get all object keys","  var keys = typeof error == 'object' ? _Object$keys(error) : [];","","  if (typeof error === 'object') {","    var _keys = _Object$keys(error);","","    for (var i = 0; i < _keys.length; i++) {","      e[_keys[i]] = error[_keys[i]];","    }","  }","","  return e;","}","",";",""],"l":{"3":1,"5":1,"7":1,"11":1,"13":1,"15":1,"16":0,"17":0,"20":0,"21":0,"24":0,"26":0,"27":0,"29":0,"30":0,"34":0}},"/home/travis/build/npmtest/node-npmtest-promised-mongo/node_modules/promised-mongo/Gruntfile.js":{"path":"/home/travis/build/npmtest/node-npmtest-promised-mongo/node_modules/promised-mongo/Gruntfile.js","s":{"1":1,"2":0,"3":0,"4":0},"b":{},"f":{"1":0},"fnMap":{"1":{"name":"(anonymous_1)","line":1,"loc":{"start":{"line":1,"column":17},"end":{"line":1,"column":34}}}},"statementMap":{"1":{"start":{"line":1,"column":0},"end":{"line":20,"column":2}},"2":{"start":{"line":2,"column":2},"end":{"line":15,"column":5}},"3":{"start":{"line":17,"column":2},"end":{"line":17,"column":37}},"4":{"start":{"line":19,"column":2},"end":{"line":19,"column":52}}},"branchMap":{},"code":["module.exports = function (grunt) {","  grunt.initConfig({","    babel: {","      dist: {","        files: [{","          expand: true,","          cwd: 'lib/',","          src: ['**/*.js'],","          dest: 'dist/'","        }]","      }","    },","","    clean: ['dist']","  });","","  require('load-grunt-tasks')(grunt);","","  grunt.registerTask('default', ['clean', 'babel']);","};",""],"l":{"1":1,"2":0,"17":0,"19":0}}}